62092624.3824
165175520.0894
86040056.2117
20795464.0660
52196095.8628
14172199.0825
88847771.3937
39491820.2218
70971747.9116
65140681.7696
29589910.3635
155669096.8479
40997835.4420
68842415.1573
84752743.0688
75275780.1125
135916614.2110
131184879.3031
72292218.9941
51474075.1424
72141439.3019
76507898.6141
123139932.8181
257020056.7153
60442272.2482
53055186.1033
77975347.5381
142122736.2504
108603640.6674
267061764.9334
91159474.6487
71765349.5588
86821208.5126
65411003.2510
22372971.4631
151528517.0004
50617956.5868
208826090.1882
11146882.9641
152314995.8717
43273491.5394
10259289.6893
57304220.7978
48564938.3540
8972395.7586
101766240.7171
41157314.9897
50895764.4836
70256821.9546
81841052.1656
27966740.9383
80658786.0271
100449740.0840
235007469.9119
129929238.1265
106596202.2317
23228732.2698
16181182.1548
38723858.5260
24483696.9131
90124679.0581
67642017.8403
119550443.2999
112607778.0044
28023726.3435
271716348.6090
93319543.6983
132038905.5580
94449898.1599
72313533.1295
25732923.6556
136004297.6328
31699148.1822
59083444.5184
53096993.6329
94191499.0225
13134385.5261
33259730.7986
99003712.6331
39741278.3865
123223393.9393
94446607.8651
284424797.7511
34669623.7817
86033662.5471
18655542.4690
50268072.7006
145951659.1111
153322903.6180
73125798.1933
86202889.6713
71447775.6440
123623332.8213
131022521.7947
77818911.9319
84804153.1382
84164550.0067
58544133.0672
58606788.9910
73345885.0846
