Scenario #1:
Generation 0: dknupeadtm
Generation 1: vvvanr
Generation 2: lsfnvoqkdo
Generation 3: uobqkt
Generation 4: pzxmgu
Generation 5: rbmofkd
Generation 6: ptknchiy

Scenario #2:
Generation 0: xzqsabbodcq
Generation 1: jkvsikyonn
Generation 2: ggvmxkzo
Generation 3: pfsnxgtt
Generation 4: zhehp
Generation 5: tiegwoedya
Generation 6: gfjzmue

Scenario #3:
Generation 0: tridkjkspe
Generation 1: tdazxqhuicfl
Generation 2: xfmkqk
Generation 3: higbagmgned
Generation 4: hmaodn
Generation 5: thqail
Generation 6: ziaagjvdiprt

Scenario #4:
Generation 0: vfwps
Generation 1: tvwlyvzd
Generation 2: fizmktn
Generation 3: nehnbt
Generation 4: obzbxrssnkm
Generation 5: asgftqljl
Generation 6: zvkkl

Scenario #5:
Generation 0: wewirxjdxj
Generation 1: obqnkwks
Generation 2: ehtyjwqhnpq
Generation 3: merxtc
Generation 4: swdoh
Generation 5: gokhi

Scenario #6:
Generation 0: slbbtot
Generation 1: kzdlqfilf
Generation 2: djkiurjxtcde
Generation 3: prrhtqbcy
Generation 4: mcthq
Generation 5: vjgkrioc
Generation 6: uubhsfxi
Generation 7: rfehqc

Scenario #7:
Generation 0: qahnbji
Generation 1: lpuqavai
Generation 2: zvscvvcl
Generation 3: vsqdc
Generation 4: jgbsod
Generation 5: gmrxcmlrly
Generation 6: etymk
Generation 7: zquieteitqfp

Scenario #8:
Generation 0: yahgsnkflbrc
Generation 1: uvxxildrbue
Generation 2: eewgeh
Generation 3: ekyqhikqj
Generation 4: pkwck
Generation 5: swgwgs
Generation 6: awhuoxzuptk
Generation 7: riqhjsbran

Scenario #9:
Generation 0: ugrbu
Generation 1: aqoekeihqocu
Generation 2: spzfcqbrc
Generation 3: epqpucws
Generation 4: pgiksbqcfdys

Scenario #10:
Generation 0: iwbxglegzhv
Generation 1: rycfdirgxzqs
Generation 2: nepmtvhdonb
Generation 3: hhzgjuq
Generation 4: jcpwn
Generation 5: fkotdwr
Generation 6: uszyy

Scenario #11:
Generation 0: jdfpgnvwx
Generation 1: mcyle
Generation 2: bqfmvj
Generation 3: nqveygjmzgl
Generation 4: luuaryoqp
Generation 5: jqlbvomzsggv
Generation 6: edibaqgbsei
Generation 7: abtuh
Generation 8: tixbpxn

Scenario #12:
Generation 0: yswykcuubvvi
Generation 1: cdnonig
Generation 2: pwpyk
Generation 3: wvpsrqvdhudx
Generation 4: vgqtc
Generation 5: sxjprws
Generation 6: xwwyozxbotd

Scenario #13:
Generation 0: fvhpkb
Generation 1: dcazdblwajue
Generation 2: tciojbxv
Generation 3: hlklas
Generation 4: mcjazghnzqv
Generation 5: pznyuex

Scenario #14:
Generation 0: scpwumbjpuxh
Generation 1: bwdgqwabtrgs
Generation 2: ojgzu
Generation 3: vllaz
Generation 4: bacwwxe
Generation 5: vgakikhaxei
Generation 6: gwkhlyqdzeeh
Generation 7: djmnxy
Generation 8: emirj

Scenario #15:
Generation 0: mjvmslsb
Generation 1: nfhhkswe
Generation 2: yxiftxcqrrm
Generation 3: bboyt
Generation 4: vpufgqnw
Generation 5: otnadtfrqj
Generation 6: nmotosnotpke

Scenario #16:
Generation 0: dsqrj
Generation 1: wjyttdci
Generation 2: nrxnnsuhqbci
Generation 3: jqvddlcqrf
Generation 4: aprnvv

Scenario #17:
Generation 0: vtnaway
Generation 1: kokfxtmzke
Generation 2: sicfnxggleso
Generation 3: uqofwairdl
Generation 4: eaoelmp
Generation 5: rumfzhoh
Generation 6: slkwjd

Scenario #18:
Generation 0: hvqetglye
Generation 1: huvpyl
Generation 2: bszamlsyrzy
Generation 3: hxtwtdixxpf
Generation 4: guwjudtzrwa
Generation 5: hkthgumdkiw
Generation 6: bmrxlcd
Generation 7: tldzd

Scenario #19:
Generation 0: keecnxzyempv
Generation 1: pgmmxlphki
Generation 2: awkrmznkrq
Generation 3: rcktmcvmqyr
Generation 4: pnrqfkx

Scenario #20:
Generation 0: cuuqmwtpubg
Generation 1: anyzs
Generation 2: lbhnyletz
Generation 3: wnwitxnnuho
Generation 4: fzvapwgukk
Generation 5: zwpchppw

Scenario #21:
Generation 0: wgbctpcmasis
Generation 1: zqunjt
Generation 2: eabix
Generation 3: lemqtiwq
Generation 4: xtvbggkpvykz
Generation 5: zvdfnu

Scenario #22:
Generation 0: xmymn
Generation 1: jgnnapzzalk
Generation 2: eyzpaqo
Generation 3: welkxrcspi
Generation 4: xkxedwl

Scenario #23:
Generation 0: yvehizrfrfxx
Generation 1: jhdfxtbm
Generation 2: mfruktjzflx
Generation 3: sysslimo
Generation 4: kqkio
Generation 5: hfncu

Scenario #24:
Generation 0: mshriskz
Generation 1: shpwzpgglfyo
Generation 2: ftbnumiu
Generation 3: lrizdvzrygx
Generation 4: sclcupuivivw
Generation 5: eguoogoyakcb
Generation 6: gdjwjfsprxq

Scenario #25:
Generation 0: xzendscitz
Generation 1: vzwim
Generation 2: atwecypfb
Generation 3: nizxwwqczdl
Generation 4: hgaozw
Generation 5: yskqs
Generation 6: ffzoesygeswv
Generation 7: rfbbecmmyis
Generation 8: sdnxakn

Scenario #26:
Generation 0: atmegfqabw
Generation 1: zvokljydga
Generation 2: vjeoso
Generation 3: osmwvjhsniwo
Generation 4: ojxwmsus
Generation 5: qvxuvhawv
Generation 6: gimxwihd
Generation 7: fauaptphf

Scenario #27:
Generation 0: dddhkdebsq
Generation 1: gtrfrlh
Generation 2: qwssp
Generation 3: lnhoinqcojoi
Generation 4: ogocb
Generation 5: fayqreky

Scenario #28:
Generation 0: fkesxpvmhb
Generation 1: domshpqc
Generation 2: enyatvkhjnis
Generation 3: mnveuejrcj
Generation 4: vgxukronjluc

Scenario #29:
Generation 0: dryvskb
Generation 1: aixnmsbo
Generation 2: oaodcmmboi
Generation 3: dtongtc
Generation 4: bvamnygvn
Generation 5: ysnxwzpbaky
Generation 6: witlfwfsjdhk
Generation 7: dkvhgjlbxj

Scenario #30:
Generation 0: grcpcqukcvs
Generation 1: jokqye
Generation 2: ihsezdna
Generation 3: mtwensizppi
Generation 4: inhfjk
Generation 5: ogfek

Scenario #31:
Generation 0: zttqswwkvc
Generation 1: kawznn
Generation 2: vldiuisgs
Generation 3: bamqj
Generation 4: vppjpo
Generation 5: oirmjgkaeo
Generation 6: tuefudbanqye
Generation 7: fneexktdg

Scenario #32:
Generation 0: xmsbvai
Generation 1: asxnpltkh
Generation 2: uydbchuojw
Generation 3: cxsclbxg
Generation 4: issrqlmouai
Generation 5: ecqlzn

Scenario #33:
Generation 0: cppsggu
Generation 1: tyixqwarqwi
Generation 2: bsnrnqi
Generation 3: iqfxiqeqrzr
Generation 4: rgcjaugsgbxa
Generation 5: njnqzcbqj
Generation 6: vhxqzvmrbi
Generation 7: xzxkcor
Generation 8: njzgcsft
Generation 9: rdwvm

Scenario #34:
Generation 0: rflkqdawu
Generation 1: ovlduxi
Generation 2: tgalupzvauhx
Generation 3: jdwqkttl
Generation 4: kptxy

Scenario #35:
Generation 0: jvevudqv
Generation 1: dvxokz
Generation 2: cduxitrysr
Generation 3: osnnei
Generation 4: gxnaijvfxboq
Generation 5: mwjlkviawnw

Scenario #36:
Generation 0: hqkugasch
Generation 1: fyyfpzsqn
Generation 2: pshvojtvorj
Generation 3: fsntkdkhuaq
Generation 4: skxgy

Scenario #37:
Generation 0: odtqfhutqyy
Generation 1: tgyzb
Generation 2: jcbft
Generation 3: yukqxtprfxn
Generation 4: cfweij
Generation 5: otxun
Generation 6: jnkdi

Scenario #38:
Generation 0: lzccuwit
Generation 1: vftlhlns
Generation 2: gifadtw
Generation 3: mdskwbfd
Generation 4: inspapbc
Generation 5: ayrembuqcgx
Generation 6: lvbgdnfrdfbx

Scenario #39:
Generation 0: qfklwciqf
Generation 1: ihvxv
Generation 2: bwgzer
Generation 3: khdobkibss
Generation 4: mjrfvtuu
Generation 5: xcfofrycvlwr
Generation 6: mqnqw
Generation 7: haieucapb
Generation 8: eghmomi

Scenario #40:
Generation 0: wkjppmod
Generation 1: okbnzawonkm
Generation 2: oinlfhf
Generation 3: lgwuwtdaki
Generation 4: ebiskozeex
Generation 5: zfbugcmiwjp

Scenario #41:
Generation 0: xtpypzi
Generation 1: jdyzvodexndi
Generation 2: ernzws
Generation 3: ozxymxfoyv
Generation 4: ikijz
Generation 5: dzxsotbowrv
Generation 6: ieuqestq
Generation 7: hknwwvf
Generation 8: zhxpfeec

Scenario #42:
Generation 0: yxuyyorigfxm
Generation 1: nsijitm
Generation 2: sqzaumvsycy
Generation 3: pghivipul
Generation 4: daskf
Generation 5: clixlseaxebu
Generation 6: jfupsvcudvl

Scenario #43:
Generation 0: hmupeneepben
Generation 1: wunhub
Generation 2: stjiugo
Generation 3: zmmpxqgliax
Generation 4: lewoojdlrk
Generation 5: avifwjpk
Generation 6: rpputwy
Generation 7: qjiqtnxzgvtt

Scenario #44:
Generation 0: lxhgjpqyyn
Generation 1: crtfljgtvikx
Generation 2: npgls
Generation 3: ewgcxf
Generation 4: ocjcah
Generation 5: ssbyqcjc
Generation 6: wfpahyvm

Scenario #45:
Generation 0: zvejxwxtfwa
Generation 1: vprekunw
Generation 2: itfzb
Generation 3: lwnbljn
Generation 4: hcguvub
Generation 5: imwkernb
Generation 6: kcpvmaszq
Generation 7: ntdyuiswp

Scenario #46:
Generation 0: ceitabpyxzeh
Generation 1: mbkkxacgq
Generation 2: vabbv
Generation 3: mkteeqyhtr
Generation 4: vblkaa

Scenario #47:
Generation 0: uuvyjvramff
Generation 1: clotmx
Generation 2: lqslllquu
Generation 3: zkbjrthbupv
Generation 4: prptm
Generation 5: calmnpmdo

Scenario #48:
Generation 0: ekkce
Generation 1: qbjxfqgtjcbi
Generation 2: vzvfx
Generation 3: popifij
Generation 4: jjcyyvna

Scenario #49:
Generation 0: fcsix
Generation 1: jquwsxq
Generation 2: kivonxc
Generation 3: ukzpzrfg
Generation 4: zzycwma
Generation 5: ayfesoonhe

Scenario #50:
Generation 0: ucimtsk
Generation 1: rkqjasiwsm
Generation 2: cxoogjqtflwn
Generation 3: jwocpyzbc
Generation 4: wyiitoepzpto

Scenario #51:
Generation 0: mkong
Generation 1: ujpmawbwt
Generation 2: pxaxp
Generation 3: ngran
Generation 4: anvmqjknnx
Generation 5: lpqtijtdkghd
Generation 6: mcbavpbe
Generation 7: fvwuytawhx

Scenario #52:
Generation 0: bicayksnlmb
Generation 1: gsehhnquk
Generation 2: dfpsotamkq
Generation 3: dezuztay
Generation 4: entyzxrmzul

Scenario #53:
Generation 0: yvwfi
Generation 1: jpfatcbtrnv
Generation 2: cdxttpv
Generation 3: efpbn
Generation 4: mipqgly

Scenario #54:
Generation 0: joslbyq
Generation 1: zhltozqn
Generation 2: farxlh
Generation 3: fxkkpynmbefs
Generation 4: hkgrnds
Generation 5: vrprpza
Generation 6: mqaojxs

Scenario #55:
Generation 0: jscruwfude
Generation 1: itakfuxh
Generation 2: gmaqpsvdhtbr
Generation 3: ulwecgdkwwt
Generation 4: zkhrhrtcrus
Generation 5: jtyrloigs
Generation 6: cutjx
Generation 7: lnawsyrdz

Scenario #56:
Generation 0: pctnltzhuwmt
Generation 1: blwyop
Generation 2: kvpbuez
Generation 3: zujhtmvdpk
Generation 4: wxagfrcziq
Generation 5: syyssxhpn
Generation 6: tlqcdmzhcp

Scenario #57:
Generation 0: ttpumzlwffyi
Generation 1: noiryylgoa
Generation 2: xofbfvzrupsh
Generation 3: rlpdobkumafp
Generation 4: qzcegbuyobm
Generation 5: ndxxdx

Scenario #58:
Generation 0: nprvvtn
Generation 1: nbkkguiukzb
Generation 2: iurgrxt
Generation 3: bahmqyaf
Generation 4: dukswslbboj
Generation 5: eimddujeyw
Generation 6: hgkzkdw

Scenario #59:
Generation 0: wchwybpsjon
Generation 1: tesrwtch
Generation 2: efdoitclfeic
Generation 3: voatny
Generation 4: ivlhpzdg
Generation 5: nwqbf
Generation 6: kxbrikxke
Generation 7: taizfncm

Scenario #60:
Generation 0: qseqomvkcbw
Generation 1: dfcfkmx
Generation 2: krlglwchhed
Generation 3: lvsltpcc
Generation 4: vishfhghxoxn
Generation 5: qvxjve
Generation 6: hxeshlktqse

Scenario #61:
Generation 0: rleughquy
Generation 1: csyje
Generation 2: imvuyt
Generation 3: cqseu
Generation 4: crpswfbfumm
Generation 5: jgdsobfhaxhz

Scenario #62:
Generation 0: fyjfokzzupns
Generation 1: mkagrdwjwmlt
Generation 2: gkfdomg
Generation 3: tbvfaiu
Generation 4: gbfdt
Generation 5: vxxsxefyvgbo
Generation 6: sbulszw
Generation 7: rnurvmsi

Scenario #63:
Generation 0: dixqbjvams
Generation 1: okrfh
Generation 2: akqwgbjs
Generation 3: xavjufllt
Generation 4: lxfqax
Generation 5: dmlxjklb
Generation 6: kebhimobnj
Generation 7: stuaq

Scenario #64:
Generation 0: qctqdwrz
Generation 1: ljzrvjry
Generation 2: zwbir
Generation 3: qsbvp
Generation 4: ajlwitao
Generation 5: fzpqtqptmjb

Scenario #65:
Generation 0: xsqzm
Generation 1: zuxdimozfk
Generation 2: okiifnmvsykj
Generation 3: eatfzpehop
Generation 4: fhcqeb
Generation 5: ovnkkpd
Generation 6: dcdzxiwu

Scenario #66:
Generation 0: yzttenjz
Generation 1: byjykkqxtk
Generation 2: qwsfcsw
Generation 3: popsiznr
Generation 4: jmjdlvduz
Generation 5: knzirgw
Generation 6: yhcgmgphof
Generation 7: rqnstu
Generation 8: kawmgdyyrrg

Scenario #67:
Generation 0: mjafoaqsibz
Generation 1: hbvdjjknotw
Generation 2: bgitntihas
Generation 3: dqheawdaobkg
Generation 4: mwjynjpmmzp
Generation 5: ehdjbgep
Generation 6: jevgdeatdpxw

Scenario #68:
Generation 0: lrmkizdctb
Generation 1: xjkfblqnp
Generation 2: ioetpbxyno
Generation 3: ifpyx
Generation 4: heuedg
Generation 5: dgskqjqpmj
Generation 6: eioknlticq
Generation 7: jnomvkhkxhf
Generation 8: fzwlntdd

Scenario #69:
Generation 0: krcvv
Generation 1: vtspxxmbqk
Generation 2: dhmegwdzuoxi
Generation 3: jqghtksnkomo
Generation 4: aozcka
Generation 5: wmvpgonwzd
Generation 6: vyczns
Generation 7: gwnuev

Scenario #70:
Generation 0: wezbjxxyz
Generation 1: bankeyipim
Generation 2: igagos
Generation 3: kdqsy
Generation 4: twvijlai
Generation 5: jmbkfjsabx
Generation 6: bwwcb
Generation 7: xwpns

Scenario #71:
Generation 0: iwrikuaxgegy
Generation 1: reful
Generation 2: chkmyjlsfcd
Generation 3: ldozrdese
Generation 4: wdtpihrdd
Generation 5: sstcdvzqvar

Scenario #72:
Generation 0: qhkqpxrcoc
Generation 1: ryytlhez
Generation 2: fwpoudvn
Generation 3: mmztz
Generation 4: kvbdxnjwy
Generation 5: cgjaonso

Scenario #73:
Generation 0: bwodi
Generation 1: eqyaoywng
Generation 2: ehikqsxeo
Generation 3: gymekn
Generation 4: uspctx
Generation 5: dwgowgm

Scenario #74:
Generation 0: izqurlge
Generation 1: vbuojwvqrmqp
Generation 2: jyewb
Generation 3: fufsfwv
Generation 4: ekzsjviqsh
Generation 5: fgzxgre

Scenario #75:
Generation 0: whpgyirawmo
Generation 1: cfkvprifgxj
Generation 2: aywdwpzhhzy
Generation 3: omhkorbwvyku
Generation 4: kllmqdmtz
Generation 5: trfaqohlkk

Scenario #76:
Generation 0: jhawneyq
Generation 1: ehoob
Generation 2: wfdjalipwn
Generation 3: hjvktmkp
Generation 4: waeskmmaryj
Generation 5: orwsmv
Generation 6: oapvb

Scenario #77:
Generation 0: tebwqifor
Generation 1: itzjqzsw
Generation 2: bnjjdmekk
Generation 3: hinkiuyp
Generation 4: dqqqbha

Scenario #78:
Generation 0: mcqhipzyc
Generation 1: cgqkoiroux
Generation 2: npvyisbxglsi
Generation 3: tdlaqzyb
Generation 4: kanpwzpafw
Generation 5: bmcpygz
Generation 6: trhrdqcgao

Scenario #79:
Generation 0: gnkkqnpviwt
Generation 1: hpifvwsbyc
Generation 2: jnmjyfrmuvn
Generation 3: rytqsoj
Generation 4: xugoqctu
Generation 5: sfmuistmi
Generation 6: qgndvmnvglr

Scenario #80:
Generation 0: okqirvmabh
Generation 1: pmvrcxuzpr
Generation 2: taccfyrmxi
Generation 3: edqibhpcvxn

Scenario #81:
Generation 0: ofncrfqqolr
Generation 1: lesuucgpx
Generation 2: ryzao
Generation 3: zoohmbouqeau
Generation 4: reniwb
Generation 5: gstqy
Generation 6: mfipdzzfbhtl

Scenario #82:
Generation 0: jxrzy
Generation 1: yrjarz
Generation 2: aivgmwdiwrxj
Generation 3: tdtjeacv
Generation 4: ksabvg

Scenario #83:
Generation 0: svipvwrh
Generation 1: jrkataz
Generation 2: ohylpitvsc
Generation 3: frogtujhr

Scenario #84:
Generation 0: uleav
Generation 1: ebhickcgquz
Generation 2: whwljmmfzug
Generation 3: yhfmm
Generation 4: revioxcegd
Generation 5: ihthvrcbhfha

Scenario #85:
Generation 0: bxxdjzr
Generation 1: ckhxnep
Generation 2: bcxvmizicml
Generation 3: uotkddmfh
Generation 4: zppsayqzo
Generation 5: xlrzyzqba
Generation 6: iiwqvsrsh

Scenario #86:
Generation 0: buwbeo
Generation 1: snyihicuiwy
Generation 2: cpyyhznobkk
Generation 3: wqnpm
Generation 4: uuytexnxrx
Generation 5: qzacyyjdh
Generation 6: catchsu
Generation 7: xojzwpkjt
Generation 8: ukcxjwf
Generation 9: vbhcgvywa

Scenario #87:
Generation 0: rfuucecrtemy
Generation 1: maugvznz
Generation 2: vheewryx
Generation 3: byygws
Generation 4: cpkuew
Generation 5: cejkqlco
Generation 6: npiklzrixwu

Scenario #88:
Generation 0: qndstktct
Generation 1: dauptor
Generation 2: vbtclz
Generation 3: olpnzuild
Generation 4: gnewzp
Generation 5: eiphlrrt
Generation 6: ovjlmhkcvnk
Generation 7: heeyilfzcct

Scenario #89:
Generation 0: zycpeov
Generation 1: nwaft
Generation 2: tjjjkodey
Generation 3: ivjkcrv
Generation 4: tfzjglmt

Scenario #90:
Generation 0: juhxeq
Generation 1: zkpoeg
Generation 2: mrbstau
Generation 3: gparo
Generation 4: zliqsb
Generation 5: pxkjeicgxwi
Generation 6: xznuupe
Generation 7: zmuntqlufkl
Generation 8: igxlc
Generation 9: sbjgeer

Scenario #91:
Generation 0: tjkqlup
Generation 1: bokyg
Generation 2: cnfixh
Generation 3: gpznirqhv
Generation 4: jqlhimjjlmi

Scenario #92:
Generation 0: kkbvdmlv
Generation 1: eqledeufkac
Generation 2: mnlbse
Generation 3: fqwyu
Generation 4: cjqfnwslwuqh
Generation 5: qxlbify
Generation 6: rkbepxhdzseg
Generation 7: ffkpahnnd

Scenario #93:
Generation 0: qrvudrg
Generation 1: bmmlsnjbrb
Generation 2: fouajnqvdvgg
Generation 3: jktcsxxh
Generation 4: hshtegfnap
Generation 5: ocvntlpvyl
Generation 6: wsijyfysew
Generation 7: myyfkhxyxqui

Scenario #94:
Generation 0: ouqfkau
Generation 1: hxekh
Generation 2: gmtddh
Generation 3: axlhjp
Generation 4: msnvlem
Generation 5: ixnqko
Generation 6: zrtbz

Scenario #95:
Generation 0: szzngxk
Generation 1: fonrfrjgtb
Generation 2: rrkjybk
Generation 3: pxtbinl
Generation 4: txdaogrtai
Generation 5: wvprg
Generation 6: xknrtshjw
Generation 7: geasnbsthqo

Scenario #96:
Generation 0: urdyxwozy
Generation 1: ziqkfwljb
Generation 2: osbqnkprlyl
Generation 3: vyuhbaxbj
Generation 4: mvfsscsqhe
Generation 5: xjgcork
Generation 6: seyvh

Scenario #97:
Generation 0: dpsjtosazpc
Generation 1: cttyg
Generation 2: hpdbcvjkgwj
Generation 3: fypqs
Generation 4: pewqrx
Generation 5: oterizegb
Generation 6: gqttkujj

Scenario #98:
Generation 0: ybosezwsry
Generation 1: cixeu
Generation 2: vmflku
Generation 3: djrbkdon
Generation 4: gzqwvttv

Scenario #99:
Generation 0: qdavjsawyyw
Generation 1: vqvjp
Generation 2: yyhdh
Generation 3: grwmpv
Generation 4: uffbipkd
Generation 5: cdtok

Scenario #100:
Generation 0: jrccovgk
Generation 1: dzjop
Generation 2: xfntneqw
Generation 3: vuwxmeu
Generation 4: xsvzj

Scenario #101:
Generation 0: grsynplgjgvj
Generation 1: banciq
Generation 2: znkpuadt
Generation 3: kykpvzedqh
Generation 4: drajyfpkjmb

Scenario #102:
Generation 0: kvsoavaprbi
Generation 1: skiqzedxqv
Generation 2: amzapsum
Generation 3: ilruj
Generation 4: tansh
Generation 5: cwouvgvk
Generation 6: wzwncvaw
Generation 7: nbbiathnnbb

Scenario #103:
Generation 0: uabmggs
Generation 1: qalkovbih
Generation 2: tlkgbc
Generation 3: igjqdeehqx
Generation 4: guzzxg
Generation 5: sqdzahoa

Scenario #104:
Generation 0: ghvrfz
Generation 1: zknlgiqkwo
Generation 2: tggzbkerbxbi
Generation 3: xsajfse
Generation 4: pinfyuezzxd
Generation 5: nndgmifnx
Generation 6: ddufqucpkj
Generation 7: lwpqz
Generation 8: wgoqzyq
Generation 9: bswgrnwqubf

Scenario #105:
Generation 0: zztmbc
Generation 1: olabajtvyxz
Generation 2: eafmftlxypmf
Generation 3: dnwyejenfa
Generation 4: vxbgnyojj

Scenario #106:
Generation 0: brupur
Generation 1: bpehi
Generation 2: ikkhdzlxpc
Generation 3: ydyxxmxcs
Generation 4: uufnyzjpql
Generation 5: iqtgnylr
Generation 6: yfijbojj
Generation 7: aqyxgxofrbf
Generation 8: wriyjg

Scenario #107:
Generation 0: vuqxrqigufyv
Generation 1: ctrhn
Generation 2: mmmpcjgo
Generation 3: ytsgwwiyya
Generation 4: yglbzhbvjk
Generation 5: hplfrg
Generation 6: txwfnyu

Scenario #108:
Generation 0: krfchzuw
Generation 1: dvbhounnlrmn
Generation 2: veyxzwfqqa
Generation 3: sukhtvxbdy
Generation 4: nqkdt
Generation 5: uesjpsm

Scenario #109:
Generation 0: xdiejsqu
Generation 1: crosvcqdwh
Generation 2: orbayfql
Generation 3: jubjve
Generation 4: kdeidxwo
Generation 5: bfzmy
Generation 6: nbycnzcgds
Generation 7: lzyiobbd

Scenario #110:
Generation 0: ommmcn
Generation 1: uwfpu
Generation 2: sksemi
Generation 3: bxpndveqiia
Generation 4: ixgzjlvscnz

Scenario #111:
Generation 0: tgzgrwuhmkzw
Generation 1: xisacopmer
Generation 2: bpkcp
Generation 3: lsrubyb
Generation 4: ycqahzalddua
Generation 5: zobsdgql
Generation 6: bmplfidfu
Generation 7: lfjcug
Generation 8: vgbqgbuztu
Generation 9: cirzrrjh
Generation 10: akaqqlnhix
Generation 11: yfkrrhzuitu
Generation 12: glertcjpydj
Generation 13: xfyepxvat
Generation 14: kwhejgn

Scenario #112:
Generation 0: sjjbkci
Generation 1: yukhobrtf
Generation 2: vusmdplohe
Generation 3: wouzqwmefa
Generation 4: wclhehyffeh
Generation 5: tjqdfkwe
Generation 6: epdchkuigtcz
Generation 7: rqynerce
Generation 8: mwaveyfnv
Generation 9: cpjzmzi
Generation 10: blezzrucjv
Generation 11: uayvmmyzfzel
Generation 12: pdsjyxygbqu
Generation 13: zrbbuj

Scenario #113:
Generation 0: tbheagywu
Generation 1: hhaexo
Generation 2: sqrfcukfrcr
Generation 3: dhsgdx
Generation 4: wotfyrz
Generation 5: untlajdffbrj
Generation 6: uuwkitphbp
Generation 7: cfsnqgiyd
Generation 8: mzltb
Generation 9: ryhii
Generation 10: tvtglknujddt
Generation 11: sfzhrpcfoew
Generation 12: fvzaoss
Generation 13: fjqpszedz
Generation 14: suxbkgfqpnc
Generation 15: mrolka
Generation 16: hidnyidos
Generation 17: yucel
Generation 18: czzkkshkldtk
Generation 19: hypplsukpl
Generation 20: aniwlym

Scenario #114:
Generation 0: eettqdcogx
Generation 1: vvinnkpxs
Generation 2: ioesrgavxds
Generation 3: kogbikbx
Generation 4: gtisfaykb
Generation 5: robqp
Generation 6: cxrvollxzzv
Generation 7: uenflq
Generation 8: vscxkfhvjdmb
Generation 9: tctgjonjyjhf
Generation 10: dbfamogytwpt
Generation 11: urblcfk
Generation 12: dgmehjs
Generation 13: pzpczzvzvprn
Generation 14: borkswrdouw
Generation 15: vvxddtaa
Generation 16: ywtxvrseib
Generation 17: hixaksfk
Generation 18: rekwtspxr
Generation 19: focmzhnsj

Scenario #115:
Generation 0: kxcgi
Generation 1: elnus
Generation 2: idmlxkuihcx
Generation 3: ccqlfew
Generation 4: ftqluwac
Generation 5: tnyfmixdxwg
Generation 6: fnhxydnah
Generation 7: dniichvfjc
Generation 8: tqhcrwpxvdiy
Generation 9: dzwcqqpkn
Generation 10: kakeaqexkz
Generation 11: vuowkfl
Generation 12: zbqxfuccvdbe
Generation 13: mxgggchbso
Generation 14: rohhoidztrp
Generation 15: hnfotdptkl
Generation 16: esgeexrxqaw
Generation 17: pxbmfmical
Generation 18: ouesr
Generation 19: ydopcoovur
Generation 20: eldesaq
Generation 21: tdeevysppsi
Generation 22: wvunlsrpt
Generation 23: zfptg
Generation 24: xpzfce
Generation 25: eflhiahsztty

Scenario #116:
Generation 0: zgcrvbt
Generation 1: zagsqvjiymij
Generation 2: jkcrp
Generation 3: qzzmtmjmwepi
Generation 4: fgqqlgm
Generation 5: jpuswe
Generation 6: mnzcygo
Generation 7: yhoaaawobvd
Generation 8: bkecpqxyw
Generation 9: qcjfrprmjd
Generation 10: qjodchtiaopf
Generation 11: kqrtaqrxt
Generation 12: oqpycbwy
Generation 13: pbjqyklmhra
Generation 14: ztdioqonexe
Generation 15: gvnigiuckegg
Generation 16: urvdovaqw
Generation 17: zaysprdlq
Generation 18: evvab
Generation 19: ygjntfvcctc
Generation 20: migxnttp
Generation 21: wfstu

Scenario #117:
Generation 0: brrtezkhffi
Generation 1: ntwzej
Generation 2: mtnvpprzmex
Generation 3: lhjsvtmmbin
Generation 4: wzetcndodjm
Generation 5: rcmgowbzflbl
Generation 6: wpujkscvnne
Generation 7: lqikuz
Generation 8: fgctqowr
Generation 9: fwmhx
Generation 10: rpiqlc
Generation 11: tqofddukr
Generation 12: qdiptv
Generation 13: spchtzcpjhkx
Generation 14: goiwrl
Generation 15: nfthypc
Generation 16: gzvhcbapx
Generation 17: bhqatcmaw
Generation 18: hxzntcrppzh
Generation 19: cixhwoo
Generation 20: vlsbpghikgr
Generation 21: owyzf

Scenario #118:
Generation 0: oqiccw
Generation 1: livbiojlf
Generation 2: cnkdo
Generation 3: odqdbnjuir
Generation 4: otjldybfsnpq
Generation 5: hmitc
Generation 6: dhpdvncf
Generation 7: qfczrye
Generation 8: vdwwml
Generation 9: oacgwsrtw
Generation 10: maohcyomwq
Generation 11: yhmqcvwpavpe
Generation 12: cyhkbzgk
Generation 13: dgecljldhcm
Generation 14: esbiuajuy
Generation 15: eirozltufpyz
Generation 16: qifddn
Generation 17: jnrawgmvr
Generation 18: jawdnc
Generation 19: feuohyruwfe
Generation 20: nghtp

Scenario #119:
Generation 0: jqihara
Generation 1: zflbcwyth
Generation 2: ltwkzbhxcod
Generation 3: fwjyrvcc
Generation 4: rzvaqmyinr
Generation 5: drbqdgyfu
Generation 6: vxhqej
Generation 7: rmbmqubdyxgi
Generation 8: avekqjnro
Generation 9: wyyszx
Generation 10: qkuptfpbcmd
Generation 11: nvxuvbfpe
Generation 12: ldgsfyldw
Generation 13: sowinlkaqio
Generation 14: jlobbmxojv
Generation 15: iyujfhat
Generation 16: wlrdhbcgtmvc

Scenario #120:
Generation 0: lnkgy
Generation 1: ddomsoee
Generation 2: ydgcqow
Generation 3: babegpphmdfb
Generation 4: nimppzo
Generation 5: lpdjvasdzb
Generation 6: rasyp
Generation 7: akmltamcxn
Generation 8: tcitq
Generation 9: qezkda
Generation 10: hezvz
Generation 11: vgqhhp
Generation 12: nrndsjeeoby
Generation 13: ztorwxgd
Generation 14: mkmoqrnlx
Generation 15: fdfvkcfbfhpc
Generation 16: vpsqmioo
Generation 17: lwkaaqwkiph
Generation 18: odgpsglwuzg
Generation 19: gaafh
