10
204
31
232
2
2
0
344
5
38
0
119
0
0
0
86
12
95
0
2
0
101
58
34
177
6
0
76
159
97
101
21
163
57
0
12
54
133
21
20
0
0
0
2
147
0
0
45
211
6
118
11
258
229
289
0
0
6
10
324
0
0
420
517
0
6
0
5
0
103
11
0
29
32
0
195
364
4
569
97
355
0
77
16
0
38
84
0
7
672
337
123
202
79
95
15
0
7
0
4
2
0
0
0
31
160
41
0
44
20
0
19
63
71
0
10
2
92
179
73
0
7
287
0
10
84
3
0
48
33
111
20
0
0
61
143
0
155
167
269
21
12
36
194
45
0
202
148
41
7
0
0
96
0
0
1
0
0
3
0
468
8
0
26
25
54
5
3
0
0
3
0
27
218
9
0
215
80
122
0
5
0
42
107
0
0
0
26
0
41
40
42
7
11
0
0
0
31
61
38
82
0
0
0
210
434
148
5
65
0
8
65
161
12
0
69
279
19
0
211
298
304
0
12
503
155
0
158
75
265
229
19
9
44
139
156
307
0
76
0
14
0
332
57
0
13
29
317
10
57
120
33
595
9
0
22
0
3
219
0
3
10
0
0
152
13
33
95
0
4
2
0
69
0
0
38
60
13
0
81
0
250
69
9
99
0
0
0
10
2
0
347
36
203
0
0
0
5
0
9
7
0
23
2
21
0
32
172
378
54
0
24
0
31
0
292
44
38
0
35
133
225
3
0
0
127
3
0
4
159
36
16
333
19
9
4
29
41
27
289
296
98
37
155
10
154
449
0
16
222
9
63
0
27
0
271
18
295
0
59
37
0
0
6
0
0
81
0
40
75
36
132
0
112
0
0
93
0
13
134
11
11
0
0
0
26
10
0
4
10
0
18
49
250
118
0
0
34
0
270
108
82
87
39
302
73
0
13
0
4
8
0
2
155
0
0
44
5
122
247
170
0
26
3
396
94
0
0
10
0
170
0
76
0
0
46
0
0
13
24
130
205
5
390
0
0
5
36
17
16
0
16
0
0
0
284
0
0
0
0
71
51
25
122
18
115
57
607
41
0
8
0
0
38
50
8
4
0
0
148
363
3
164
46
129
75
4
0
0
0
5
13
0
0
0
25
0
25
104
0
4
0
54
0
10
71
0
0
21
180
12
31
57
108
51
15
0
56
238
133
0
0
16
26
0
2
0
271
80
48
0
126
9
0
44
16
142
3
5
50
0
0
0
0
0
55
158
178
141
86
107
45
0
0
17
51
7
83
0
61
105
48
0
0
0
18
0
58
0
202
0
56
9
0
391
78
69
0
12
208
27
26
4
32
263
17
0
0
0
4
11
0
8
8
15
49
0
545
27
272
119
12
69
42
256
12
7
96
189
0
52
28
0
335
310
0
53
456
3
7
39
389
120
30
0
16
254
680
313
25
15
202
145
11
20
94
131
0
142
20
65
0
180
5
50
0
52
0
0
0
25
36
3
19
337
254
0
3
6
22
0
14
72
45
0
95
0
17
122
364
85
0
0
0
0
0
0
80
233
339
0
94
0
0
216
0
13
73
7
8
103
0
254
0
4
63
90
0
4
16
7
860
42
44
51
29
216
16
94
134
0
124
22
102
0
4
167
62
50
0
6
11
31
6
137
242
30
0
0
0
520
1
4
485
48
0
62
23
0
214
0
9
7
0
0
67
24
10
0
41
277
125
229
0
0
0
0
3
0
68
121
163
0
310
0
0
100
0
339
83
0
0
0
273
0
138
81
0
48
11
285
129
0
267
7
530
116
69
161
36
61
24
38
0
0
389
34
210
3
0
0
138
5
6
753
19
0
44
0
63
0
43
403
436
7
42
3
0
26
91
6
10
10
0
32
0
0
0
0
2
0
0
3
0
0
34
93
205
0
4
108
17
91
204
0
127
0
30
0
12
4
89
3
80
0
24
235
3
83
0
74
217
11
25
3
10
0
0
7
0
95
0
172
48
0
0
44
3
461
9
0
27
20
756
270
0
66
133
868
5
38
49
0
0
22
12
6
37
34
0
42
164
10
0
0
46
0
9
0
375
462
14
251
103
188
214
0
0
0
40
7
261
0
0
2
304
0
54
5
38
8
158
19
507
0
0
0
11
332
116
667
1198
103
0
16
0
47
53
42
28
20
278
0
52
0
0
80
0
68
0
42
0
150
52
200
0
193
0
83
28
0
0
0
0
0
0
42
41
187
75
0
0
64
0
253
0
303
0
0
4
0
0
0
151
0
5
210
0
22
37
