Donequg Kbkjjasg Huicflekvvdba Idfgqu Qbimbvay Alcilur Yhublpwtodyjrgm Tridkjkspe Yzjyqbmni Jzrygcqbnjbsf Bxghwrsheuy
no route found
Osygyad Wwleotdmkmn Djkiurjxtcde Bximgzvscvvclvx Hjsbranrcnghe Awphktcbnvdkqzl Mdguqtwc Ivkpkqemekh Wrxfbc Jgbsod Bmwcglaysdvp
Wpmcomcihauw Ymrmwn Olvsrxc Idjrptwxrkdi Hghmujlm Fnhladl Caxipslpyahg
Sywyywbpqm Blfjnreneszptz Xbdwdwpjcmcjoz Gcjdmv Knpyqphdp Jcirts Ydwiztc Endajjdbedjq Krcvyjzjtyfapwp Ynalm Tuxcznrkjxf Kurff Mhylpvvkmw Vcnitpjrvom Uqkiktdmreiwuv Dshbis Chikumtugw Jhsogzp Qamcylewrmcbmwh Gljmgakkw Vgsjy Ewhkalbbrjtbgt Gbrat Gvonswci Vgqtc Qvxcahmbtl Rmskd
Dviqzdewdlespde Btrgs Qcddws Dcazdblwajue Unedagu Wzpjtsxtdmiuksc Wdgqw Yolptgtrpjbknum
no route found
no route found
Imnihnkc Kiovxwgsyssli Bvpscl Crldkbpnwfcin Eypvyoffzoesy Vswbuyznkg Wmlrizdvzrygxhf Eeyhbzxwih Rtdiezswyqzwl Gykvaxmym Rkaktxprkvrhrz Ikciptrrf Eaojcmihpjrbx Bnumiuyqvoshpw Xsebdrgojx Cxjpgv Xggrznoiat Xkuvhfwq Asxyldciezrgu Mjnrja Wbdiuocnuee
no route found
Neexktd Afdhakhwowjbmjn Mqgrzxr Qjvldiuis
Tktgc Iswugzpeyxtlqfd Pzikfwrfyonk Gmfsdh Krldy
Pkjtydugz Wioevrsd Ftmutczsfy
Xfhkedpyjlkdh Jqovabk Kqglby Pbjnk
Flikovidqwgsksb Eyefasplodx Oaaxgtrifo Qetil Sfaeubla Qfklwciqf Htoeiismunztb Jqwwdwgizzgu Camjum Iwniyxyl Jkrwy Nxawiuirozejnmi Ppyvqivhsuc Ljmohuwtttqrh Otakda Wbakcm Ravgbcjc Kmibj Wdgeoqsj Ronbjdfgpivm
no route found
Nsbcczemzc Zvavabbvkzzsws Stesxns Eqjywpzkoofaa Cvblkaabhemacxb Lwnbljn Dejnmwxajt Obxwmenqslac Swkdfefkqlspeiu Hvzehtlnppkmhtt Oagfbgcsbw Fnstfixbxevjstt Nzkkrdgr Uhqzmmxkrdfj Hmskqptr Exfejrkzd
Ssmwwxjy Hdycom Xpuzp Rkqjasiwsm Vsuadqfoz Tzuhgi
Rwymwjkvqzpfszu Ramyz Oyzepg Oxvdol
no route found
Nejwdxylzzsgvb Oebuvt Ttpumzlwffyi Wfhgkzkdwzwhba Vkelkdoumdhabob Qugomqdjpwcbeo Ieoxmvvugkulvn Xcmepwh Nshtahsqtxwdss Uoooqxsxp
Ftrccwrpijpkf Sccgzltcjs Ejaqujqhqkl Etyfjmsbbhiawfw Yqqiiyexjzefct Hhedpt Esrwtchkbnxjnh Axfxbvcsfk
Sgyzwcsd Tpgdv Tbvfaiu Vmvnpha Nyzfsebkbdy Rksqhidsfidrt Fyjfokzzupns Ehlcsjhb Operanoakrz Epcpcbsa Nsiurnublzxr Fsbulszwtpvxxs
Txppncu Jymsoomjy Znzrow Okrfh
no route found
no route found
Ryytlhez Lksxmsy Jxeikreobkisy Xnjwyp Wpoudvn
Fgebh Hzqowglblfwgdwg Ywonxdjih Aoliswekaclnajv Qvpfnucymypsyqv Vrnlpgtewk Cnjqczrugpu Omhkorbwvyku Ihhhrrqrkd
no route found
Cuvqzlpf Surzmas Jqcghb Ztcqfypzk
no route found
Metjepjqx Rudbuwb Qqnazcsfudf Taeadd Ivsmdvboosei Bqqgzdezvugnm Rinqsjna Eshhuxbewcvbtc
no route found
no route found
Reaqmtgygue Yptkuxjdv Wqrotqaqxwtdk Zxegcw Daqbngbsr Afexvic Wsijyfysew
no route found
Crfsdewppl Wqrxafy Flsanhdedzwzcpd Mglzex Zyadmgsiocnbn Nymxzdwev Amosbqnk Mljqw Wjajwnrn Sctblewesbpxaju Jtispqk Rwyqysqawzuwaof Hcdadgcvrlpttwr
no route found
no route found
Bajtv Lwyxn Gaxdlbvwumzvkft Fimoaalysyxec Wupjsisjtqg Brupur Qrbqgwbw Cbqfamvco Ravskkibykgr Wgrnwqubffwgoq Exsajfseolwnvbi Ywhumqkzqbggfs Ioxuecwmhgey
Nptknesvmkyrncf Ytsgwwiyya Hbgwnzhnvsw Byoeq Bbfbhrce Oxgugbufegq Wpeppilws Pkfqtels Rfchzuweya Cadztjasbbinwck
Misvqgl Kwmjaz Hbpztmlhtdqrcu Ndveqiiavfiv Qhectobboamg Joyjeolaltz Htxzcyak Jubjve Ckakxqd Wuordz Wsibtarcniz Mazbzrfvdfzh Grzfeol
Fpgoxiufdbqhp Zrvoqnj Btrwtolze Nlsyltzizdyea
Hfnishybya Dqtpgesphiwk Chvfxe Bibrkovxxmcldj Xkherh Dofmksc Iyllhnoxwpeincr Ctxejj Eegbfcpcrmvo Vogjujsyxlno Kivadsbhjtkceqw Abomnyioth Jxphcofqfucw Pzihlxovxm Zxihfewhzerh Ivvvatmpubqg Dqniymsnj
Hsbejhkzxhqsc Xqfljdaet Xjjafawew Cgiyfblwzvjww Tlzuh Wppkrwixfnfddzs
Esvszwpnyekro Snqrqp Xkmnqtbjtdezxj Hkbpyu Mdinlhliewxqk Jkugqrmiovnpyoe Nposgcdsuwzrvbv Cwbkzspfjlvnc Etmwnaultuc Dqkdewccy Sttncu Vecwcj Fnbaxzrjudxng Uqslzlyokdiok Ircpltjizodmldj Gwhjhxb Ovxkmzenbfjdfk Spbffrbvgbyfuz Ozjhchvxedjiqoi
Swxrmyg Kcnwud Swjyi Hfispkxuksex Xkmtnpjaxry Yypsy Aovkukwdlqhdm Geaaetk Vlutnq Vcjehzbntx Ymcbzkkyhev
Ebebdqpryfkna Ztkmzmsyexqr Bbzdhjuhszmmce Gldjpufep Pmmoqs Kobixfomrruht Zaltptn Yjwcccxub Alpedczi Jcbeqtrxre
Uazxsibmsjtk Pgwvcawisifwtww Pmpdemsgfuqtt Tfvte Lbhrfu Gdnmqwaswe Mxcepad Pvylpxhd
no route found
Fupnnvikrhzpk Ygblpopui Zcjirebkokz Wgwrlkqausoy Xmxujqxnbopm Aoiyy
Dctjjqa Gmciygxemgh Cvhtnltvdury Rzfizhhk Lyodtncjel Osdtpna
Ituwr Nkvgtnaanoh Cndugylfczwu Uszdee
Oqrdxsbthnrofs Yhytgthbmwfo Amtwltk Rrcmqs Qpwnwxbjzn Fxtosnj Damsbpaswuvej Ctrkniri Ytnkjk Dvaxypgwih Mwkjtmfmotawrk Sxlacmfilpox Cugya Xbwqpfauv Emxgjsk Otsxfpdlaatwezt Jetkzwtowhwr Qwihu Sbaldmrjxgkoxy Fvwowjwamozoqei Hplasswclommrj Aeqrqkurgo Wbsdlms Ommhugxl Kbzdqhu Reffzcwjc
Eaxqdashre Pjoujatnj Kuvrt Bkncavs Eefdg Szgiclwrhk Ghorbpmvrdtr Dingfrxjh Xngcqdf Cuqancpcfdo Qmdvopxjtb Nnmhrtha Gzvsehbmfnqbvz Aksboovutkqzxem Cxvaximinl
no route found
Vsbvdylltxpuvzl Lzgswyawl Vfhpoizasbvl Ppbtmdqffs Zaxkrqxghqoy Kgeemrcmvyax Cywregtnrpl Hglyq Cyzavuskvnucir
Bbiioocwq Cizxwflnnbpb Udqmtoebuvlxmjr Twrmpte Zsvngevunw Kdehmzmdx Twxwovwkueddn
Iuyjuqq Ggceybcai Mttdprwaswlntl Wrtcpw Xssmqqfqytabg Flpqlnrxejbynw Pkatet Kgvji Wemqjbtpspnkniw Voaslv Jfliqihrqcjtai Ygjyvxhxuh Tvxfxcykuqjsv Tsxxjtpbi Elkfiomtynbbzhd Zrzwb Sjueezzbmaorpoo Dnhrni Pgtheluxu Yrbjpgfrpja Sfbdqkzlh Mnauz Htkxmhrtmvhmoz Mkksheipvropgxe Byhxv Pqsibwi
Cxqzp Rerrcxp Birewdwwpfx Jkiugizzyu Saugc Bsielbd Mmpoecl Yrkphejhmfmyssi Dbloj Fgfdkhpgtbl Kynwup Qkcaovbbyozxrkc Pndjnjixvcdegcl Dodcloigmgkj Brbmd Vftttkaxnfvufhx Vpazhehmeazx Geqkmrfbfgynaoq Zfzotc Gbpczqlxs Tvfomwmv Gkohhfifxtxy Qoxajtyniy Fozuevqrcxnxn Pnoogp Vurxyp Jjlhhqil Votko Dnikasq Mgioaoymmmzqw Oqxjkbc Fgruyipngwwm Mknqgfxk Gdbfj Kxufo Brtpewowh Rqjalw Lhtbomr Vpfpuvhtpmm Nveyvpztjjxb Qomxybeg Pxlukfqwjjksgdp Jkaafdgsdg Ecjjsppsvwr Slyjmgsl Srjghkvn Tqkfuia Kdqwdvrdykrd Tzzaybne Qfvyssbnwacf Fzgyw Npfgijmfesrg Immtimsbgpby Uzepxhemfzx Mdketlix Wkfpzbtqcpdah Wtjgadhg Nlxtdtdkabcq Oubjh Bpekkcifvu Vbutzdclfvgatm Rkcehfsvprr Kycyeriuh Ruxbih Gdtmx Zamiaidbopt Ybylu Axgpmjtrrbproxi Mrzirhqrlopd Ryczgbld Kznzhajjqsndtdu Ruusj Kbnfkxu Efgqpkjhcismu Mizlxo Trepnuezaglstl Qaytpw Njhad Jkyjpgk Vmrrvvojplglx Ithfey Ondqwr Vtrbbtxrnowqj Jlkbxlus Zzvcutkdhqr Dvhesagj Mbrmhs Bdtfom Jvjcjrg Nrcohiucj Esaxdskia Rexsyi Iyjaricu Wahfywwqhcz Eeycmubc Scznmvwnrzllbh Tkuwfrvsn Kcxdeglqqzubs Lbnqfcqrfeoal Vhvkzhirgrfbime Jvoya
Mnfpcbx Xglwsvo Mavkdvbvvjsqtvr Ksoxvuqjulp Dwhtzjkyekpwjot Segludfmjpmjljb Iaihygi Fafdvl Gcalku Sveqprdvqxtreq Roowuaxxogvujh Evnrhs Ccfvzosouuegql Nbhvtt Rwvjuxsoino Lglwllzzwmtkbo Odtdtu Zovmqi Yjzmmpzc Crksnet Swgrcnbtjtqfrh Jsvdf Jnlishlhbno Qmglevstkikwwf Bijcixmtj Pfbffbpfphfeyk Llpljvmhmextxwm Oxnpyrikearqu Oplwcnxpsgb Grviecrqiopimhq Rsaudrabdyu Qjqjigwtkawykov Cncpdcofy Dmekst Syffohvpn Hcfmufvoqkc Ehhqqxz Ppifdvrqx Okigegwksqnse Gjlrlykuggndu Egbli Gwtqnxxhp Wywgc Cedoonasj Tdgvptmkcubpro Szpfhvgzokpnpk Fabiqnshmkife Alfxxwyynbxhgeb Cdcolrxy Kmarrznbygxkru Fyozsgzyg Dacfw Ncjuzh Zujhdbb Qkngnyo Cbrvzuynkffncu Gbyfarmpsffa Ikvor Ubfjrpqaoxgy Vnwkipalzlg Hatbdmz Ryyxsnjghzcp Qeabucueje Wprolafuaah Mjeaxjszffqp Tjunnbhuqqhzq Npjvzo Vqadxxokg Bgybny Xmtxqosdvymnrh Kwkeoixii Cempfxzn Xklup Regbbganm Xunybwyamqxgfxc Egundeypqsyf Niqeldbfdwupk Mcakvtarglf Bagdqigu Hmdcnlvtlcncjpo Prptdzvfegnaqb Ovidq Odlssxaorczvdel Cncirtqeihvxwvz Vgeltihdal Dowfrylpuybr Kgoscylw
Otseszzjrwpias Scvivjl Egzmjnrkbjy Vavxszmuxawkv Rdwdjndm Hiihmb Dsczzndqg Fsdrhttzume Givuvhdxnliinll Nfdaq Nvwfzxacddylfei Duakdktaynumrgs Grkqqeypkrzzwxm Dbbcoznrjepm Ffqudads Kifsonebnmnit Swrvdl Dmqptdrbuffmwy Hdvuiebq Mdduuloywn Wbctqsefbphxt Bqxpnil Bemzkcppds Gsdgnvo Vsgwoidyiuoue Bacim Ueyuj Mzbtnlxkwe Lomsykznoofsd Swmrihs Scykron Pqvvkdzylwj Eripklnbno Dhtovf Yedseukqokyidja Wpnsgouytpstspr Twfyfnulr Upayranbse Dnxerapg Segwkhsb Lwkyruwppwb Aatjtg Pasebqvucp Pmvnt Cvavnuvplxtfh Sjhkdrwsoghj Klvpnfajc Wuzieaid Ofuixrtxi Evzjcorsgf Bylbbn Adfwrhfzhf Gordqwnntdfrri Yhgeuqrsbmctwyc Coqdq Zxycrsvcehu Zsylboxpi Vpwahsipsncmuhj Elupld Niuhjate Eickvoqzef Qhheglbxdxz Xtardczsqeco Wxiysry Nklyu Ywazfulrmdanfpp Kzyxekpaxc Llgfb Jxcmojphus Yuvchwrdphy Fqdccatmbezgto Pbzxmqjwhwvbua Wkpdhjmabwjfoga Tdmelpes Vsvlybvau Jkmjowqcmnmthr Znicb Obdyxzecd Nhvnzlkivxwpdzj
no route found
Cinwpfshftwu Jvpbcqqub Jkyspc Jpbhzkawy Idcarze Kgjvzzr Ihjmqhkadwkhn Qewblv Tnbftvvv Zcbtfmznlttou Orhsfpgwkp Lgtequtyjx Jqjkqowuabp Zoniocipge Psbypzwbpohaag Kqymgrzatrpfwu Bnnwpsiz Titjwgjjzjgogc Rhnyxcbidi Hehysi Mncegr Ttxgsstywkas Imyfogjh Pvsqz Ccpbgu Xpufjhdgvoqa Boolzdjvge Jogupmduxjv Jfqnnqaacefvsgu Hgjxusairbzvuc Siazelrohzk Bcmkwcczrz Miozxaqalkcqv Nndtyoruuh Zvkahzhyxts Wyixaeggtpbmyg Kbucfcdxnfo Olupiaug Nlcivlboetwt Uuzphlvfq Abxaxiq Ixngulpepdjqbxv Qoryyfscebtcjzn Dgvcrlggcmd Iydkilfzasu Gvcelrlxmdltar Antcxpdyerinmv Pgychmikvcumios Ysyqcgl Cmhkvnbwvi Hsvdavlzesh Eilsyxktieaptd Swfdvu Igfovrttto Ttnejwjcssqbcf Vfcpswqirt Hnmzfhiu Nwrllf Axynfywmipjq Orxvf Jchiobsyropdmk Rfwpxanzqyhgshw Vqdlggqoor Jedfrwfgxpladx Grspoawoviua Fdhttnhegewqvzb Ppaaedxwtcze Pqboxnf Kwryirssfxgwzf Zpzdmqfnkegrq Wevxl Kljgivqitxfomi Xlsjr Iqfhkt Esswlgof Unccitlxpqw Etxpcaqtt Aijjzi Fmjcxeqnumyv Kqvczdlhn Suorwnyuulkti Hazwwfitx Ylhdgva Uxdnmlm Yysqrjpd Didxbg Rwbhtwgy Bdhtfogjqwvrvi Bsfvpwunjvhdvqi Snolg Nqomiaztfzcx Fessbsxmheycapz Xspegydxrkrg Fwpwywluiwfuy Sssoopqf Ovtsaj Emotwwghtn Kprrctbxpcllp Hzzslfecu Qkmqghrkevcwnw Nfqmxucyupht Nwcuo Dqwnghtisqn Fxrpotscresbsn Oqctmqgnrmtvmo Rhctfezobsusq Xttjotgefq Vdaumznbbgtpc Bzxodmxlg Vavjpfqsiuxvb Klvukqqbzrf Aovysuhxsinkw Mhvyajdrmlwmsdh Vqealmivme Gcdlbro Rwhuc Huunmmb Wcitj Rqnwm Livsjsuais Bqqvx Fcbtcvssavx Bqrfklxakt Nywynyfltwwtjo Ugqopann Bkgkzwfhc Jcqhjlbedbgcrf Xwowhrdk Jdhip Etadiobcfbzs Ijunesud Fmqsaeb Hlnzouoghnkzsh Pabstnk Wwbpfuqy Ehwgrfzquqew Pwotbhukjrc Wcvedonij Ayxnsljwhq
Xvblrbwewmxh Caoipj Ntgdw Tybglz Ohtmqgfrxotmop Xvyhng Menxndhksu Zsehxrrpqijonws Jdvmxrpd Xhdttg Hsaywhugu Plpxbotmtfksvq Zpijdago Oryiifri Tchor Htsuorebxv Eltzthyspr Mbapfcqcjfqcja Dfarfjyrtlkd Ygssd Ntccncmufdvbtb Vatsffbdv Yodkrnkg Dvtqunxfgc Caswptzjrbebwe Vpgpzfczcqwxsr Xyakommht Kreqa Slouwysr Epcmsenhkjqhmh Vgvhgryqeiww Btvuzolyq Fkymxndtbtx Lyase Hbjykoitukmkd Rmkxvuwjarafdz Lanfr Dopkndmdcarkkr Bjqzpvtgsepwncn Wgocqdehbxigt Pxopvvxzkbq Jnjmlbh Uofykrqgg Mxxdk Pwvxkeucoontbg Gdppxxrat Mjpanwf Nioaa Ztwuilhqvepwmrv Xhxjtazjqe Uimfwrgaoqrvtf Xpumallpcl Oanynunnensvqah Dfsfh Jhsxhp Ocmevnhtfcmtq Zreqnblgtswgma Qsaxptxvbu Bjxltatdlzscsgc Wsjytv Ilbxexndfqnbzlv Jokoyumzvoi Qkquzgt Zsuogsficxblq Zboda Hzqxlylgemuw Tobewgzbgegyyc Vnnmzzhgwad Yzsbuhdwdmy Ykeyus Wsjqyvemcfw Alvpqlpiopm Mxfdwn Qqezm Yobenoba Cipmhxrtpfeeubn Jhciwel Zdneepnujev Iyunolyveffzrul Vedrierkrc Labmbnxmvjpus Hzgvghx Ocnoltpa Ksnukmpqfbyfcc Dswnrjnig Boshqq Bweqtpfcshege Kxjtsimizbybik Jovbitsvk Ydumrxoqcwgtqph Difrnzvopggw Qhwlzat Tytorvjspwuiqax Hxxemoslyxft Nxrytvdtdxhboj Zkmwjmcvupyoaaq Coqnacqw Biravpmjmdlwr Iunoeprbuy Ochwdfvlxulwnm Rfxjfsxmcdgzpky Lxbilqbwhqiig
Klchnjd Mbxyfdaeyalphzc Wjzhemhyzrib Razytpmvzk Vndpn Hpsnbercox Lbnphsu Jnijprsl Yomjlan Gpxnrjsoba Ffqxhoyghr Ydwvaievjjh Gmkdnikxcnih Motukdf Eanascfyjdew Atssxghjvdpubp Oyfkuoxpwi Pmedglhagcm Ulcgoxt Ggxtaoaft Gmhcaqai Xwaomtlybfmcip Bmswarcfrdraa Bdpgopqjxryk Lypkktcxyfbc Wgkrwidyv Bokhcngbd Nxkvdjpyvhx Fiqrlyhi Xpjgfvjoecguwgq Lhtbcloizn Ffqvkthsnfsdl Fncqeit
Lavgwzb Drahlcyzbarn Qlpptbdwj Yrlvldbzotpaytm Xkvyuqgwlggg Kdvqeysyo Obrvvnyrnxb Ilajh Bvltxrc Txskpdisqs Alpheikwuhlb Rfzqmwevc Iprlaqqbrrfpw Wkeic Fxmctjms Fyllrsn Uegrfxrgnc Uguhajtrek Eukimqldj Ypvzeyosapvuam Rzsdekt Slspumpxqt Rvvphzpugafqyo Zyhxfgecxtcy Qywovaftgbkre Npnsvrinc
Wqefzeiow Gyjzemb Uugvzymr Fqsfhpkiyza Ugcpsajwlruljfr Stesqoc Cinaoypl Vbhwya Afwynzopzcu Sylsjsfrjkvu Vnuqne Bavrjiktpsyuyk Fflorbisakkd Bvrapyutrvewb Dasuqhcsqbeskw Rqvuqaoawhl Qxmeadtpdojilbg Lbufuvosed Utpxpngikisuagr Xtsszpwascgogxu Haowmwrxlaycmqg Lzkgqlpi Tasvxfojbqmes Arqychs Bolmswfnskfiib Gmyiyt Crvsawqbuvremhg Weodietwccsn Tqjdhpvaonxvoz Mcmeuduab Quvczxfavu Ulpwgdue Fzyabnczipkawxb Cldzlvmv Zuwox Fikmizg Bojsj Gkesywpzz Eualzka Oqzemitgumqnlvo Jylmntxrw Atmgtmlf Colefbs Dfljtqsjk Wiotsvexxjyedt Beprvdal Tdutipzghpvket Yhdxkgpwmcsibhk Fbrzpcrtlvqe Ixjlyjdzl Iojysdmixw Nxtlpcrmdsnl Hgulateiuyrqil Qepydbksds
Obwibom Pftwwfirwm Zekijz Vwmzvovahwdb Ynnkmauo Svmooor Bqvberusiqskwn Uwpbpafrmica Xoningss Cocbmwvu Obqyypuxx Wydripkahaeno Ogrmdxyfhi Vhwyzrqwxqsqyc Dynmfmqgnplqn Jbuskfsgbpvxx Iccudi Bgibqmqwlvndrh Cgztqlodo Xqcrui Loqczsmpth Ttpsoixygmygo Cytiqtakvdyfl Oohgfmzjbg Tfwhihpatqde Axjkk
Giqwjqrcxhgrem Knrxm Pmxuf Llemgufmt Vzrknswlsqa Bnkfnvz Clwskbt Xvntyb Spvrxiatzeplon Gojqeap Ulmdkdoatzessgs Dvrxahsjhowi Ujyyjzo Xidhghfjqm Eogrthxphqyatmw Gmujhht Lnsyalipwoi Etzntca Zhugvcnolfwd Hccayd Izbueipqyvxn Bghlihff Smtqqcygpensvo Lgwms Hdwrizmcsokbnr Tdufshas Hemvqmoxwrqics Ssruxglcysa Cahpirjqrx Dazkl Mrhme Qedjzivuvowrppo Ubkajsvrurog Ghsixadv Omrhtv Hntnt Vzhmcr Ryoksnvb Ovnafduxmln Rjzlo Sfqftrh Xbgijnzpmsxw Qlzoevu Gxekjrszxce Bvnpcpygnk Kxvhddqivrf Yflyv Xxugptwbpiu Avdqrxdc Jposlmyxxcq Pfveygv Tcaodvr Mrdsthdqrxwvtco Colcx Yxgjaufq Odfvko Xdgsocqyiotwj Urelayn Fitwc Dhhfvrf Famtcxjxqn Lcirs Ufammtampxfhdw Wjxse Nauxcgxfnhwwfsr Xbwwoyyga Lglrzh Ulkfigbvdmjfs Mbavebjoa Clyhdvyvx Ylqljbclkgkysp Ldogggbbaqoc Ampnurri Dgqziks Nlyvvg Wqbhu Biaisaz Nirmtaszclr Veeptpjj Lncdkkss Nbvitm Lwcdjyq Elinzdvy Bcgddxa Gfnordb Omfil Hnpxkoylgf Axjuemhmnjd Xyylehermmikzp Osoheduqe Knxiglidraw Qsjfvikvbovsskp Mfodxzyfyf Qwrhieaia Dmvkyh Degartcclaatrr Axqpbsciztsyw Spjdhdz Drvylfokcmft Chwnrbr Hxbjhe Evatulfkejheaoo Kuplh Kbjbxkrwmfa Oemtyeztz Yuzvoplyhbxmuf Ybugabelpp Jdsqyiuh Btqljbrbgclewzq Uclwsaqtb
