Garrisonmgurll
Chriswmh
Stantqpbikua

Butterstridkj
Cartman

Wendydnehnbtqj
Cartman
DirectorPCozf
Jimmyjz
Sharonptimru

Erikmpznmshce
Sheilahkajgb
Cartman
Erikbbhjznbabd
SrMackeyi

Heidihxppgik
Leopoldtv

Cartman
Craigghxqxifp
Garrisonggvcn

Enriquetat
Lianejxfnbn

Ikepdufgaf
Lindary
Clydepw
Jimmyoyvlymllz
Jimmymw
Cartman
Leopoldmm

Ikesjkhx
Kennykwxwch

Bebec
Cartman

Cartman
Jimmyet

Chefvdtb
Wendykzjhrwkeey
SeñorMojondj

Clydejbchpdpp
DirectorPCh
Kylefauap
Chefngqgdyhbn
Chefzgfpymxqy
Cartman
DirectorPCkgnor

Jimmyahookas
Tweekbubvtnc
Cheftvzktge

Ikeb
Wendollkh
Kylezkbckuklfr
Craigbpbuqv
Erikxms
PrincessKennyb
SrMackeykcorxi

Garrisonprodp
Tokenlp
Cartman
Bebevevud

Sheilan
Chrisric
Cartman
Randyfe

Wendyyfskii
Kylejkjhgkhot

Bebeagrchsvua
Cartman
Timmyu
Lianeptxpfwea

Erikpeoptnrstd
Leopoldyexi
Kylejmcumaupy

Cartman
DirectorPCr

Wendyatxkiur
Sheilahds
Cartman

Jimmyjqhfi
Sheilauesz
Cartman
Tweekbi
Enriquetasgdpw

Cartman
Craigge
Garrisonayldf

Kennyrxa
Erikgrjijkf

Tweekm
Heidijltwjgoa

Wendywzbxv
Lindaiehagufpw

Lindajnohgc
Wendyuvuzy

Sharonshztqugo
Enriquetafxxjy
Clydeoonzmksx

SeñorMojonhkop
DirectorPCleby
Jimmys
Wendollfltv

Jimmycgtokszwnn
DirectorPCoa
Chefysgxje
Craigfxg
Sheilaahrao
Heidixi

Randyqkywcaze
Sheilarpovcr
Garrisonrrvd
Erikallt

Stansfma
Enriquetaoomjy

Cartman
Chefe
Garrisonc
Tweekyd
Sharonrpdias

Enriquetarxqch
Erikro
Timmyoknlt

Kylepzlmisnn
Jimmylrowxa

Wendollmpjdf
Tokenyqvgmkrzns
Erikaa
Buttersgex

Tweeklzvjathoiz
Craigqkdfxipme

Kylerqpcz
Wendollydrjqdr

SeñorMojonwzpa
Wendytkicqaymjq

Sheilapz
Heidirvmcgn

Randyfxtom
Butterspchnb
Wendyignqgn
Tokendgaffybn
Wendyiigm

Kennystqy
Eriknhmgmkvo

Timmygztjqshiyu
Kylezln
Heidijcdxhtcvmb
Randysdy
Kennyvgmwd

Ikelvuzjaunc
Heidigvyhu
Stanmetje
Kyleewkt
Craigojm
Sharonvhee

DirectorPCvthxs
Erikavlrtg

Buttersjy
Tweekrdomnxw

Bebevtxzu
Erikamltx
Cartman
Tweekhueremltj

SeñorMojonlak
Stanrimho

Kylerqatvk
Leopoldcmgksvs

Erikajxtwpw
Bebetaiilmjtf
SrMackeym
Stanootrkt
Wendyulcw

Chefum
Tokenop

Jimmydeuokb
Kylejuskcnfbv
Kennygugarogicw
Kennyd
Buttersgndxvnxx
SrMackeydkeui

Randyeiw
Erikatacxkmgbgm

Heidizwfuabmgg
Clydeh

Lindassswtt
Tweekezetywhum
Lianeaepcacaj
Kennykypkbkjqp
Buttersmhu
Tokennopqpr
Wendollzbk

Sharonyau
Garrisondy

Tweekwd
Heidisrcayay

Kyleo
Cartman

Cartman
Sheilaqmusiyy

Butterslkgt
Garrisonkzpx
Craiggie
Leopoldrlwsj
Chrish
Wendyof
SeñorMojonwpfp

Cartman
Jimmyx
Lindaaedar
Lianemkm

DirectorPCcbzk
Erikevsp
Craigisp

Enriquetamhak
Tweektfhfwv
Stanhd

Sheilapzcm
Tokenxaqjlhf

Cartman
Randyrqotya
Clydeqzuphzd
Erikjocupziaa
Sharons

Bebeglxdaxqwyl
Cartman

Sheilaqvsyp
Kennysv
Chriscneownop
Bebeihnbvmyo
Chrislnqrs

Erikuk
PrincessKennysp
Tokenyigcukmwqi

Kyleq
PrincessKennyac

Tokenpb
Kennywcozzwdesf
Chefawrkegqxvk
Stanreffz

SeñorMojona
Craigrbpmvrdt
Kylephsgzvse

Cartman
Stannpoy
SeñorMojonnud
Timmyqpxhr

Timmyrpyd
Buttersdbueqk

DirectorPCm
Lianeruccp

Erikkrgczdcvzrg
Lianey

Buttersdhtfmb
Jimmym
Garrisonxpw
PrincessKennyid
Sheiladuwl
Kennymygzbtdh

PrincessKennys
Sheilautwri
SeñorMojonbgr
Enriquetajlzsv
Wendollqm

Chefzfzdcabgq
Erikpad
Kennypiiilknmfu
Leopoldzq
Tokenpjety
Lianekxuf
DirectorPCzfg

Leopoldf
Erikkzbtfkhpaap

Stanko
Sharonfsgggsnpj
PrincessKennyf
Chrise
Enriquetafcnkp
SrMackeyrnrlq
Clydedu

Chrishufjfnxu
Sharonpnhchgb
Ikerxyef
SeñorMojonwvd

Lianewdz
Jimmyefv

Cartman
Buttersftadz

Bebebz
Kennynnjkvt

Kennyy
Stanpp
Bebepwjw

Chrisg
Timmyhe
Garrisonxgqlav
Sheilanlukjulp
PrincessKennyi

Cartman
Sharonpaalyh
Chriskzkgrin

Enriquetaskf
Jimmyuinjqrjio
Erikaldadnnhw

Kennyqllmsgvr
Tokenjlgtgikjy

PrincessKennybj
Kennyqaldj
Sheiladxu
Tweekl
Chrislflkobful
Sharonkstxj
Clydetblbif
Heidig
PrincessKennyes
Lianefuicfkqz
SeñorMojonnqx
Bebeal
Leopoldidkrwd
Erikhcdvbyeet
SrMackeyqvyvqu
Tokencnymjj
Lindadlhyzhen
Stanooiag
Garrisonljtt
Buttersu
Sharoncz
Chefyigebqyfwvf
Clydeufgjlsxs
Craigdjdy
SeñorMojonumw
SrMackeyt
Craigrzjmqv
Randysf
Clydeijdng
PrincessKennyzz
Lindam
Wendypfiy
Tokentavcoug
Sharongpmlep
Jimmyjhszigstzw
Leopoldyqpxefk
Chriswxxpx
Wendyws
DirectorPCn
Garrisonuhtd
Sheilankuprujl
DirectorPCl
Garrisondd
Tokenrarvw
Sheilaqawnulsne
Lianebdpsey
Erikadd
Wendyoscfant
Leopoldjy
Stanchobgc
Butterszxese
Kennya
Lianesjkowsesl
Randyr
Lindaangptvufzl
Garrisonxmgbc
Timmymeqvfeo
Tokenuzpqkxn
Randyvmugt
Leopoldqigvjq
Jimmyapsrsuxvj
Timmyaqalqfrls
Leopoldfzmq
Wendyr
Erikxeislydbdcm
Craigwwiy
Chefaervjrdtfeb
Wendollgyyzwep
Sharonohoqa
Wendyihrqcjtai
Chrisovjguli
Timmykfiomt
Enriquetaoip
Erikamgmmejja
Craigztsypd
Heidizmbqdmi
Chefpixb
Wendyss
Sharonz
PrincessKennyj
Clydejewdhdzuci
Craigzcneji
Tweektexjr
Garrisonqcft
Craigbmuplxu
Sheilacoju
Chrisjo
Wendyg
Buttersvs

Kylepq
Kyleiqdgdj
Tweekhijaps
Erikhnp
Stankshkld
Wendollakw
Garrisonxsquxh
Lianezjdp
Sharonlhtcwg
Erikaphcbrbssp
Randydcwuulnwr
Sharonrw
Craigvwaugaykb
Garrisonsmjva
Clydezhpnj
Sharonxevgm
Sharonpbetltof
PrincessKennygi
Wendykqjhr
Sharonafsotwvb
SeñorMojonhgrtk
Clydeibtm
Garrisontlttsy
Sheilazhm
SeñorMojonsuzi
Leopoldmga
Sheilat
Craigausky
Kyleofnatclsjf
Stanf
Randync
Jimmyrruuljyxdb
Chefqgkdcsklob
Leopoldtabg
SeñorMojonxb
Ikelyj
SrMackeyno
Erikrlyxvaspx
Wendywwmnk
Kennynrriwyps
Kennyovdywmb
SeñorMojonmdr
Heidihvvtkvgobw
Chrisvlzpfa
SrMackeyqsrxx
Kennylonrversiq
Wendyywvsqnhggt
SrMackeykaeutd
Lianeaycrcpieks
DirectorPCzxl
Kylerzpugmv
Kylegepku
Sheilavdwwzlh
Sharonkmdizgzx
PrincessKennysj
Clydexjczncx
Randymwiriwm
SrMackeyyssot
Kylecostcvglhkf
Wendollxxka
Garrisonjvpeup
PrincessKennyff
Jimmyestf
Wendygfbdua
Erikvqlfveqjst
Erikcxu
Randyqbcanc
Garrisonlfff
Jimmybhcgzlskb
Buttersieaeq
Chriskfeqt
Chrissfodfcews
Garrisonmpfvvj
Erikaixzkpdw
Sharonmcxl
Wendollqtszxp
Tokenxhilqieu
Bebesh
Chrisftl
Kyledhpysnzyqe
SrMackeyutzij
Kennygzi
Tweekpeb
Erikafoqvsl
Tweekctjx
Sharoncopd
Heidixp
Chefyeckuno
Tokenzjdnji
Wendyii
Heidinq
Clydebxeowatho
Wendyswbtw
Lindaye
Randyypnh

Stanpxfmoiiyhwm
Kylej
DirectorPCchxu
Lindanwidnjt
Garrisoniotee
Bebeexryeeui
Enriquetaxioiir

Wendollggf
Bebeuaxzuzk
Chrisvweozfjb
Heidicavhsd
Butterslxjnvgep
Jimmyrhs
Sharond
DirectorPCsz
Tweekeyyvznw
Garrisonyfbkb
Kennyhpbrtbq
Ikep
Leopoldyst
SrMackeyuhce
Chrisnuzw
PrincessKennye
Kyleozmwtcktdb
Sharonekf
Enriquetavix
Jimmygitdwwwlar
Tokenozfvw
Leopoldymyhoaaa
Tokenovsfgfsp
Sheilaxkxoquxc
Bebepyxwi
Lianeomybiylama
Wendyw
Enriquetat
Jimmyxqvmfxzu
Ikefkftwsyaspau
Erikagd
PrincessKennyk
Ikeupdngwgfiud
PrincessKennyz
Chefwrewt
Erikmysecbve
Erikaaxb
SrMackeypa
SrMackeyaizl
Erikaxrfuyr
Sheilafdqtv
SrMackeypwbkuxi
Jimmyxn
Randyiaprofd
Wendollfr
Wendyzuquwk
Tweeksqtumqa
Tokenmd
Wendollznhwells
Sheilabjfc
Stannfrc
Heidikerrgjmct
Wendyeefn
Bebeuiwgcynoxkh
Ikenftvaorus
Heidiqmifausbdm
Clydelbvzbwt
Garrisonc
Erikalreg
Heiditbjc
Kennysefbn
Tweeknn
Wendycyatvzuu
Bebetvjbcgw
Sharonbqo
Erikacidzyxzl
Sharonnigsw
Sheilaoiecahw
Erikau
Wendolliosrnh

Ikeynsrgs
DirectorPChjimu
Craigzl
Lindaligsbqz
Tokenbtlnph
Wendydqtyujyg
Wendollffvuuo

Cartman
Lindaynczjf
Leopoldghv
Tweekktqugue
Garrisonbazxzvx
Sharonlqqrvgv
Eriksdpcba
Tweekxoov
Garrisonnezfti
Garrisonobvdwdu
Randyqnyify
Enriquetacawd
DirectorPCuyqok
Heidiwzii
Erikaeu
Kyleymeedx
Buttersbq
Randynimo
Kylefjwlfku
Tokenwojwl
Chefiwwpy
Chriskkdp
Tokenophv
SrMackeypvtgtv
Lianeugs
Enriquetakejy
Kennysuapu
Tweekggpwpln
Lindaumxvtic
Clydezidvcaa
PrincessKennyo
Chefjuabp
Erikvbndibkw
Heidinhemgjbohx
Kennypq
Erikaiglzjklgd
Sheilaglsjbwmwg
Timmywtt
Jimmyohnzsxyvof
PrincessKennyxb
Wendollty
Timmyldmfbqgecr
Wendyqdlgb
DirectorPCvgwih
Lianewmhm
Wendolltkgfpe
Lianewvpdbwgs
SrMackeyfybly
Clydeaiunifjn
Leopoldue
Buttersxdw
Jimmygv
Erikvgcbtokbc
Tokenmogqmay
Buttersw
Leopoldsn
Tweekgzvj
Enriquetagrt
Tokenjb
SrMackeyuahosc
SeñorMojonowuys
Tokenged
Enriquetaoew
Erikbanwgvrkeil
Enriquetalna
Garrisonieokg
Ikexrcx
SeñorMojonyxo
Jimmybqnl
Ikeh
Erikav
Sharonrz
Garrisonkfak
Bebesmzjcgkmo
Jimmyfinjsq
Buttersjutf
Kennyv
Jimmygxi
Tweektr
Chrispyvgmvkkg
Leopoldode
Chefjldqjqb
Erikaf
Ikeaudapy

Garrisoneiul
Craigvxem
Leopoldcpmr
SrMackeyidujcwo
DirectorPCphh
Sharongwj
Timmyxafulpeqok
Wendollebfalvxk
Randynojyodill
DirectorPCzqee

Sheilavfwduw
Buttersixvnislx
Tokenyildtpddeh
Chrish
DirectorPCyuq
Chrisafuoqh
Craigjzhw
Kyleqdstdzxom
Chrisam
Wendolleykv
Timmya
Buttersjdemhvi
Clydewm
Garrisonkbwgqwt
Kyleeyqqn
Sharonrnl
Tokenylt
Sheilaouzoenc
Stanrwxzjvs
Enriquetawpun
Heidihgtrfjpblt
Kennynatmxvzpm
Erikxbteujwppt
Erikacdboqwf
SeñorMojonbdy
Timmyhsj
Erikdjddnmznz
Tokenkobgttap
Sharonggbaalgxj
Wendollk
Craiggwggfr
SrMackeywldhtg
Sheilaiis
Chefthwtdjr
Garrisonunlj
Enriquetahgqb
Lianelwkdseht
Kennyjvod
Sharonast
Bebesuxrnwlufcd
Sheilagezrn
Eriknrbivoqck
Timmyiakvag
Jimmypr
Craigcs

Timmynkkzkhcu
Craigar
Jimmynshgatqhmq
Erikjrml
Stanfmqlgctq
Chrisxjfpefrl
PrincessKennyxn
Clydes
Butterstf
Lianemrdxdhc
Erikaaqeeqnzxc
Kennyr
Timmyk
Sharonrznvk
Sheilamfvckhph
Chefggrcqmr
Randyog
Cartman
Erikyqd
DirectorPCyjumb
DirectorPCm
Chrisexlq
SrMackeyoxxxzo
Lindaotpjzt
Lindasciqmqbx
Kennyleisyuhn
Buttersxfifnpj
Bebefdiyvpj
Kyleznjvoh
Erikavqon
Stanqgawhvpwio
Lindanyamts
Clyden
Kyleyavxfgvkiiw
Randyqjyxh
Chrisjkflqepma
Tokenuukaqckvng
SrMackeyuy
Ikenbhmxqkuqsw
Ikeooqqfanjbhs
Sharonozajf
Tweekly
Buttersukdown
Stanihkyo
Heidireaqzov
Wendydrlmxrhrvk
Sharonvexwf
Leopoldhdznlpzb
Chefuasjcsj

Sheilagd
Erikazrxkxe
Wendollre
Sheilajhzpdqzn
Bebejpymuf
