IMPOSSIBLE
20 16 9 17 8 18 22 25 5 27 11 1 7 6 24 13 15 12 26 19 2 3 14 10 23 4 21 28 29
9 1 11 2 16 17 7 18 21 8 12 22 14 10 24 19 25 3 4 13 5 6 23 20 15
IMPOSSIBLE
5 4 13 18 7 10 15 3 11 17 16 19 8 21 12 9 1 20 2 14 6
13 12 17 9 14 3 16 6 7 19 2 4 1 11 15 10 5 20 18 8
IMPOSSIBLE
3 11 12 2 9 6 5 10 7 4 8 1
29 8 7 15 12 14 13 2 19 10 21 27 20 17 6 25 9 3 30 1 5 28 24 16 4 23 11 18 26 22
IMPOSSIBLE
IMPOSSIBLE
13 4 11 7 12 15 3 18 19 24 2 23 1 20 6 9 5 22 10 8 14 16 21 17
IMPOSSIBLE
27 13 1 14 23 12 18 32 33 8 3 20 17 16 29 36 4 21 34 7 26 9 28 10 15 11 5 2 22 19 35 24 31 30 6 25
43 12 13 10 29 5 11 35 27 30 42 15 19 6 47 3 28 34 18 14 41 20 21 38 9 8 25 1 24 22 2 26 17 4 40 44 39 45 49 33 32 31 7 48 36 46 23 37 16
IMPOSSIBLE
4 1 3 2 5 6 7
IMPOSSIBLE
IMPOSSIBLE
IMPOSSIBLE
24 6 15 1 21 8 29 7 31 26 17 28 13 3 25 12 35 11 33 4 32 34 30 27 9 20 5 22 18 23 10 2 16 14 19
IMPOSSIBLE
4 1 14 15 3 13 9 5 8 6 7 11 12 10 2
7 11 2 3 6 10 8 5 9 4 1
IMPOSSIBLE
IMPOSSIBLE
2 8 1 10 11 12 6 4 13 5 3 9 7
IMPOSSIBLE
10 5 9 7 1 4 6 8 3 2
17 10 7 5 8 20 3 12 16 11 15 6 14 13 1 2 18 19 4 9
IMPOSSIBLE
21 1 16 12 14 10 9 8 18 2 6 3 20 19 7 11 4 13 15 5 17
1 9 10 20 18 15 27 28 31 13 11 8 22 21 23 19 14 2 26 17 12 32 30 6 24 3 7 34 37 29 25 5 4 33 16 36 35
IMPOSSIBLE
4 16 15 6 3 18 9 21 12 17 14 10 19 11 2 20 1 5 13 8 7
IMPOSSIBLE
IMPOSSIBLE
14 15 22 12 28 18 25 24 11 7 10 3 1 30 29 27 19 5 9 21 26 17 16 2 4 23 20 13 6 8
9 10 19 6 25 22 3 20 26 11 14 1 4 18 24 16 15 12 2 21 13 5 8 23 7 17
IMPOSSIBLE
3 27 22 36 8 33 17 13 31 12 29 37 21 18 38 34 2 10 20 4 1 7 19 30 6 24 5 26 11 15 23 9 16 28 25 32 14 35
32 36 17 3 26 10 30 7 13 14 20 2 5 24 1 19 8 35 12 23 25 21 31 29 27 11 18 15 22 33 4 16 38 28 9 37 34 6 39
IMPOSSIBLE
20 2 8 14 21 17 3 15 18 4 7 5 13 19 6 9 1 12 11 16 10
2 3 6 7 8 5 4 1 9
IMPOSSIBLE
30 45 19 13 43 8 20 5 39 16 3 25 9 41 26 40 37 31 15 23 32 1 38 29 2 44 36 11 21 18 12 33 27 10 17 14 42 35 24 34 22 7 28 4 6
11 3 10 9 7 4 2 1 8 5 6
IMPOSSIBLE
3 7 1 6 2 5 4 8
24 11 26 1 12 16 32 30 9 28 18 29 14 6 19 10 13 25 23 8 22 7 31 4 20 17 3 15 27 2 21 5
IMPOSSIBLE
6 4 3 10 1 2 11 8 9 7 5
33 13 31 27 1 2 30 12 23 25 14 5 11 7 22 24 19 10 16 20 18 26 6 4 34 3 15 28 29 8 17 35 21 9 32
IMPOSSIBLE
5 4 2 3 7 1 6
4 6 13 15 14 9 20 8 12 2 17 18 21 11 16 7 19 3 10 5 1
IMPOSSIBLE
9 2 17 3 18 15 19 10 23 13 7 22 20 21 4 1 12 8 14 11 6 5 16
20 5 19 11 8 22 21 1 23 16 10 17 13 12 7 9 4 6 3 18 15 14 2
IMPOSSIBLE
28 14 27 7 5 24 6 8 17 15 1 13 23 12 29 10 18 16 3 11 20 26 2 22 25 4 21 9 19
9 13 11 2 12 4 1 8 16 7 3 14 5 15 6 10
IMPOSSIBLE
22 4 3 1 23 17 20 12 8 6 19 2 11 13 7 14 9 18 5 15 10 16 21 24
28 19 15 10 16 13 4 30 8 23 25 11 14 29 18 2 3 24 7 6 20 17 5 27 21 12 9 26 22 1
IMPOSSIBLE
18 24 3 20 9 12 2 1 16 8 6 15 4 21 23 10 7 5 17 22 13 14 19 11
37 22 32 15 16 8 29 24 39 5 3 20 7 2 10 28 34 41 17 19 13 12 25 14 1 38 40 33 21 36 11 4 18 9 30 27 23 35 26 6 31
IMPOSSIBLE
9 12 20 23 8 1 11 21 5 39 30 19 37 27 34 29 28 13 35 17 2 33 22 10 4 38 25 26 14 24 16 3 18 40 36 32 7 15 31 6
14 2 27 30 44 4 6 19 12 41 31 43 8 18 23 10 26 34 15 33 37 40 32 36 11 5 7 13 17 29 39 21 22 38 42 25 3 35 16 20 28 1 24 9
IMPOSSIBLE
IMPOSSIBLE
5 10 2 7 9 3 4 1 8 6 11
IMPOSSIBLE
4 15 29 5 8 30 17 19 26 43 31 27 23 21 12 38 11 37 44 39 20 35 7 41 25 1 13 6 2 32 28 24 36 33 14 3 40 10 34 18 9 16 42 22 45
37 4 27 20 34 6 21 8 10 41 39 22 23 42 2 36 9 31 1 11 19 38 24 7 14 17 3 28 26 13 35 15 18 33 5 30 40 32 16 29 25 12
IMPOSSIBLE
IMPOSSIBLE
16 11 15 1 9 6 2 17 4 3 14 12 7 10 8 18 13 5
IMPOSSIBLE
22 12 18 5 25 6 4 10 3 19 13 14 20 24 2 1 9 11 23 7 8 17 21 15 26 16
12 40 10 17 1 25 9 32 28 4 3 22 7 13 45 16 47 38 8 35 39 24 15 14 23 42 19 34 46 29 21 6 41 30 43 31 18 27 5 26 11 44 20 37 2 33 36 48
IMPOSSIBLE
12 8 1 11 5 2 4 13 9 6 14 16 15 3 7 10
12 13 28 5 26 3 9 16 18 20 25 10 23 8 19 7 22 11 27 21 14 17 24 15 1 2 6 29 4 30
IMPOSSIBLE
8 4 27 2 21 18 3 9 28 11 25 5 19 13 1 14 17 16 6 26 24 22 7 29 20 10 15 12 23
3 32 23 24 26 5 21 1 41 25 14 35 40 29 28 11 13 44 31 9 45 17 4 16 6 18 38 34 43 2 12 46 20 19 8 27 22 39 10 33 15 36 7 30 37 42
IMPOSSIBLE
891 817 398 287 538 444 731 638 691 30 349 510 879 86 35 814 605 147 355 298 337 61 782 427 283 366 625 559 265 79 856 408 662 422 576 610 866 825 321 171 447 352 761 155 870 774 8 419 543 568 667 812 417 588 43 699 9 308 91 323 388 840 728 783 708 234 711 451 595 608 394 260 572 48 765 583 639 286 39 163 215 139 478 523 57 165 334 617 697 22 858 855 278 744 80 541 831 189 484 188 679 480 395 860 762 385 872 226 835 733 160 696 611 28 379 537 746 474 438 830 318 467 564 626 51 674 382 622 225 514 890 83 766 666 127 250 404 664 148 414 719 758 834 237 52 850 268 60 570 4 661 375 652 152 631 372 871 567 683 486 325 415 642 369 784 718 544 219 361 646 67 632 828 6 851 496 848 521 362 442 806 686 341 289 654 776 117 177 66 884 616 433 902 823 507 416 452 882 627 201 367 62 429 229 614 304 397 724 42 277 810 837 535 272 293 755 292 314 162 50 378 95 680 582 354 839 688 110 722 462 704 647 230 78 347 551 358 689 173 678 829 176 612 324 300 92 796 556 306 102 726 411 192 819 296 434 20 515 227 773 657 585 133 604 203 571 156 479 25 136 425 77 670 364 331 790 852 547 577 518 512 44 332 54 46 760 18 426 700 144 207 137 857 123 14 698 482 142 553 836 254 390 824 10 748 498 464 791 653 3 742 190 228 558 579 38 473 668 266 895 581 262 34 712 618 901 16 681 423 255 690 844 109 33 893 90 138 356 615 815 457 167 247 620 371 424 792 209 743 739 280 853 121 685 876 281 446 297 256 175 508 108 475 140 111 384 826 370 470 87 105 36 380 787 353 472 752 756 29 134 47 170 705 153 465 663 213 750 406 248 63 242 463 41 887 150 859 339 607 238 310 659 97 124 509 665 799 590 468 801 635 252 624 861 216 841 586 303 392 456 574 357 96 59 528 56 327 878 650 530 557 320 545 103 363 899 64 781 797 439 182 880 185 115 497 730 243 130 403 135 393 546 279 511 798 845 193 432 191 527 360 125 788 809 863 764 53 387 487 736 516 169 299 623 838 867 747 591 450 873 898 269 732 768 76 295 795 198 120 413 494 580 146 291 633 421 197 396 875 847 716 114 319 309 676 649 412 531 694 129 501 877 629 233 346 888 759 628 525 885 240 122 214 206 443 455 267 745 89 420 669 645 407 655 251 205 224 431 493 13 290 317 459 402 896 151 702 517 714 687 800 566 529 410 502 161 195 460 101 27 513 589 282 495 118 274 24 12 294 536 519 316 5 621 476 204 477 71 449 849 526 154 820 31 641 656 483 181 437 249 271 100 218 560 345 232 811 466 785 263 703 235 116 21 660 532 869 862 777 333 373 769 640 236 244 149 721 658 593 104 900 159 630 276 471 330 328 405 741 672 245 72 874 223 409 695 359 351 399 126 506 132 643 445 418 217 179 488 780 435 542 400 738 7 239 803 313 82 644 200 808 211 315 273 241 391 889 786 458 145 802 725 55 186 499 843 821 613 32 301 575 220 65 549 503 677 505 441 389 634 606 376 401 383 184 684 183 709 231 569 682 763 822 500 710 342 26 338 565 619 128 706 141 563 368 99 74 833 717 720 257 430 436 723 340 178 757 524 651 715 166 344 540 1 45 23 729 264 311 73 771 854 552 636 491 259 88 336 258 284 648 222 554 886 285 807 827 772 598 15 520 202 348 805 671 37 735 601 673 343 187 381 864 194 883 275 754 637 261 2 68 70 112 578 734 69 386 522 208 753 94 804 481 749 584 868 813 599 770 17 592 775 174 453 428 270 84 180 846 448 504 58 326 107 374 550 81 548 335 693 897 816 461 11 221 253 98 305 489 307 562 212 534 490 172 603 832 751 288 727 842 93 600 701 707 602 158 196 789 597 143 881 818 168 892 454 587 778 675 492 793 157 555 365 485 85 113 539 329 377 740 609 19 692 246 119 533 865 767 312 469 199 573 106 40 131 594 894 322 779 302 164 350 737 49 794 713 596 561 440 210 75
122 143 45 159 166 226 46 185 30 104 85 68 25 44 43 253 264 128 257 17 157 126 184 82 148 217 100 40 151 167 67 274 33 16 88 63 18 271 107 255 131 207 78 241 260 91 135 95 79 133 137 84 156 225 94 69 105 214 76 9 57 129 168 110 190 90 161 3 256 20 272 142 38 203 64 175 245 10 59 13 144 62 75 109 181 2 249 29 150 125 23 71 204 216 210 147 208 39 108 233 240 188 35 173 121 182 211 169 118 244 152 11 106 58 26 192 5 248 246 21 262 124 273 189 206 4 236 258 81 36 177 48 209 235 250 160 278 212 120 37 123 136 115 237 205 276 103 97 224 132 117 6 54 164 51 154 127 52 261 73 227 32 165 200 92 194 172 265 114 213 220 8 116 14 86 66 1 138 19 229 101 53 221 27 222 179 119 153 80 162 60 87 50 15 219 269 70 176 270 7 96 251 22 259 130 163 140 99 155 186 146 267 239 149 55 28 102 195 223 49 134 201 231 238 72 215 252 196 98 34 247 174 12 266 42 41 93 243 24 199 232 74 139 198 89 277 263 254 65 171 47 170 113 268 191 197 187 61 275 183 279 31 112 83 228 77 178 141 158 230 218 56 242 180 234 202 193 111 145
IMPOSSIBLE
174 429 147 252 453 153 204 112 367 464 538 78 208 333 395 286 369 177 231 521 282 400 513 497 342 20 471 39 398 355 159 296 59 268 423 397 157 540 501 391 31 386 229 345 245 198 426 188 452 56 244 3 111 176 182 573 572 553 390 219 514 173 527 89 25 517 405 8 260 468 520 417 255 142 192 235 145 526 295 495 239 532 32 99 455 276 378 128 9 383 288 320 484 393 490 237 552 254 472 566 412 200 190 81 170 351 478 277 500 2 15 80 24 408 209 28 103 118 37 151 27 51 85 92 406 306 71 483 258 567 104 248 384 348 486 68 516 150 152 287 126 298 90 430 160 387 275 193 409 292 206 266 101 349 396 14 17 441 179 448 537 414 438 559 522 506 343 53 451 392 549 361 458 79 444 470 315 117 30 565 211 240 310 121 467 546 291 344 226 571 541 218 60 331 449 91 223 163 203 554 529 83 544 475 436 242 243 215 261 366 316 48 263 371 328 377 401 504 551 499 347 133 354 72 563 321 569 434 172 507 533 97 433 510 294 84 374 70 50 560 119 220 77 324 162 326 309 241 75 416 283 525 524 115 123 125 548 93 109 357 382 234 431 437 74 512 197 335 116 523 106 251 380 64 98 356 457 58 34 130 228 6 394 164 389 413 11 329 466 385 570 185 246 213 7 155 146 230 402 43 505 539 187 105 23 184 338 302 463 313 410 562 474 337 225 224 141 421 249 425 278 134 12 236 195 178 424 274 303 487 502 210 217 180 272 46 65 35 376 534 156 196 379 18 96 489 318 33 515 207 477 531 221 454 120 38 100 201 297 465 301 491 479 352 368 57 16 419 10 450 232 95 69 308 493 314 216 555 86 264 327 284 439 124 161 305 360 312 250 49 363 233 362 492 428 370 267 40 459 325 509 144 319 270 341 558 76 422 73 47 94 289 269 127 273 199 183 375 149 279 166 131 257 132 353 388 304 462 189 222 446 550 4 511 536 45 143 485 175 373 350 311 171 135 114 481 52 456 107 498 561 461 82 432 285 403 227 399 543 247 67 42 442 365 253 140 547 256 186 381 44 420 108 359 307 55 557 212 407 440 364 5 167 41 445 299 110 530 129 330 535 62 418 181 460 556 519 447 542 262 137 372 61 26 508 13 317 113 36 339 568 358 293 411 29 63 21 476 496 290 488 494 102 480 139 19 323 205 300 415 280 473 346 136 528 435 22 54 545 169 154 469 202 122 332 158 138 427 191 564 334 482 518 271 340 214 194 66 165 404 336 88 265 148 503 87 322 238 168 443 281 1 259
IMPOSSIBLE
IMPOSSIBLE
203 553 750 845 510 183 113 649 842 527 708 412 767 787 286 727 356 509 723 303 269 169 38 515 61 12 339 684 595 744 822 105 165 36 195 153 107 574 542 605 662 743 150 264 457 379 470 383 261 179 338 293 289 443 763 91 108 468 129 554 82 155 557 749 355 96 732 404 45 811 733 697 200 33 304 228 180 491 34 58 171 409 59 544 20 85 802 328 632 97 245 211 488 768 309 779 860 140 868 329 259 271 396 75 373 349 513 23 83 177 856 341 469 120 196 124 393 823 214 641 158 820 128 221 572 154 307 388 671 345 305 220 666 647 296 674 812 642 819 100 655 95 537 326 315 654 70 163 344 54 432 299 599 590 448 841 539 742 6 230 18 482 567 253 219 405 549 320 517 490 624 381 855 369 277 530 56 712 416 586 14 352 462 99 626 48 267 507 368 858 37 247 67 631 346 564 103 132 588 813 192 428 827 256 772 114 685 534 791 156 292 518 735 331 692 310 421 318 2 52 243 568 540 63 66 498 441 459 359 102 461 384 502 439 251 615 851 683 758 804 454 769 167 850 676 69 206 444 72 137 746 541 348 168 80 570 55 76 682 668 172 216 829 371 528 738 27 593 364 455 551 535 119 762 731 94 336 525 711 619 821 109 217 170 514 411 694 433 601 664 181 403 710 343 370 700 699 581 250 160 117 531 646 147 594 190 464 47 244 57 233 399 139 148 869 790 610 145 760 794 623 651 436 761 425 753 573 844 77 687 361 146 472 784 520 722 862 543 254 385 188 65 365 166 523 716 529 487 495 372 60 597 263 185 650 397 255 466 640 604 395 133 327 194 149 21 319 843 110 575 90 793 792 754 728 239 28 275 312 718 563 42 89 799 354 645 476 789 7 506 431 334 511 798 300 485 78 229 607 473 866 387 657 302 127 62 585 142 719 636 161 739 600 378 241 852 598 35 11 268 497 218 290 207 159 39 98 644 579 227 225 797 665 801 358 284 51 720 308 450 479 764 677 138 445 420 814 398 695 15 151 429 547 449 121 199 825 31 198 504 415 288 660 238 386 101 830 622 297 32 437 612 298 353 335 135 313 410 745 451 675 524 426 591 592 661 4 13 717 670 26 783 629 382 157 778 616 809 559 342 522 628 796 351 430 125 294 248 213 831 266 698 232 757 690 786 447 770 435 701 281 667 788 209 756 394 5 87 282 679 208 202 653 532 625 548 291 162 71 505 656 402 693 634 741 781 324 584 773 689 390 538 562 265 53 380 43 301 237 1 295 226 611 752 606 503 565 648 848 141 249 765 115 3 617 680 377 736 474 751 558 755 730 569 832 333 477 467 406 621 49 323 630 316 197 663 681 8 536 817 678 347 481 357 84 483 633 152 508 46 583 774 273 174 815 492 519 824 833 759 224 164 422 870 713 795 614 748 714 191 828 463 64 10 367 178 81 840 747 325 501 401 453 418 702 143 423 285 818 442 240 499 512 471 413 88 618 688 775 201 489 44 672 734 566 533 580 857 223 182 175 608 187 807 17 93 861 25 620 669 863 106 465 560 484 839 321 480 854 123 92 834 494 705 589 478 118 704 279 838 500 446 782 709 112 376 561 340 29 516 456 40 189 826 314 262 725 419 777 475 389 362 806 252 9 215 552 587 555 627 272 652 104 73 374 391 231 130 837 317 546 639 210 274 136 427 440 596 452 79 715 424 721 22 276 673 322 846 311 706 408 417 111 740 771 686 205 280 521 186 526 613 122 407 16 131 726 278 260 86 849 330 24 246 460 350 116 785 576 193 816 68 363 184 400 235 242 337 434 458 800 176 545 847 173 332 270 803 859 496 236 360 257 643 729 658 212 234 306 134 578 414 366 126 582 691 50 696 808 835 703 438 776 556 635 707 637 638 603 609 867 836 865 853 659 375 724 571 392 864 19 780 258 766 550 41 577 805 486 222 74 810 493 30 602 204 283 287 737 144
347 579 424 568 143 200 573 427 281 733 325 726 110 71 31 330 119 39 432 487 483 534 520 472 357 245 537 425 388 711 635 150 171 560 13 26 430 397 491 287 159 611 555 613 223 395 553 558 663 585 417 629 147 437 462 343 265 398 339 20 22 413 484 753 549 696 175 195 749 581 428 177 702 179 614 526 691 390 466 577 207 715 225 124 93 37 76 232 736 202 381 260 557 739 247 704 64 176 741 697 524 619 274 75 453 569 51 57 587 640 529 379 658 257 127 443 505 440 710 607 407 156 675 419 426 141 628 376 65 344 217 621 533 181 226 244 509 240 27 698 41 683 109 574 510 444 334 157 89 657 340 16 267 42 508 374 255 503 730 576 307 197 461 475 136 149 261 153 28 636 630 408 671 333 563 626 235 456 645 346 648 5 410 117 38 277 596 623 531 501 201 556 293 196 55 52 104 562 285 368 593 249 94 303 354 214 291 258 403 359 99 335 21 266 612 365 321 405 507 373 393 725 664 276 604 74 536 246 44 299 243 496 608 126 259 73 575 539 49 262 130 162 572 686 546 588 554 438 582 318 194 378 233 643 468 516 670 83 479 58 111 18 571 448 639 559 320 727 752 632 4 36 254 389 653 369 530 512 30 634 584 474 642 561 97 728 203 102 692 96 436 82 370 384 6 500 43 131 699 271 279 222 457 471 522 250 158 464 545 329 183 647 565 740 682 622 404 497 401 69 128 519 676 310 742 551 416 578 458 92 148 482 315 599 459 336 288 521 66 722 286 598 173 256 300 275 1 714 230 323 220 351 406 489 589 478 480 25 364 677 717 236 724 295 672 734 316 477 87 620 601 597 750 644 269 655 441 280 312 86 90 707 139 566 297 418 101 731 174 327 115 650 527 231 301 210 118 708 317 606 328 146 748 488 386 32 685 106 550 170 481 713 98 45 633 215 167 326 112 383 743 61 345 296 415 270 618 744 337 423 304 172 120 33 47 311 473 429 674 454 746 463 192 72 91 59 324 583 392 338 189 319 498 80 125 212 396 313 8 282 669 309 541 348 209 637 88 695 234 399 161 679 10 535 208 411 735 631 609 199 701 689 160 123 121 100 216 624 371 651 129 446 17 79 646 665 298 400 164 661 590 580 248 152 435 206 107 380 349 360 305 237 615 166 193 382 684 673 517 542 184 656 450 420 605 367 239 145 494 67 182 687 547 23 544 592 302 198 273 492 543 242 19 165 709 434 7 218 81 668 751 138 514 358 412 155 586 470 362 515 387 205 35 221 652 187 486 603 490 228 190 706 718 445 84 24 591 755 421 50 253 105 625 694 308 499 113 144 681 688 191 538 627 518 180 754 70 289 62 353 108 375 455 719 278 135 467 600 712 394 667 469 729 341 294 638 532 513 11 465 372 331 738 504 721 204 46 414 493 122 595 186 132 211 511 363 342 602 77 219 705 641 263 690 103 185 693 567 678 660 68 2 78 151 168 116 241 452 3 56 570 700 268 564 649 451 290 272 140 447 703 54 355 229 252 356 666 224 227 134 745 506 502 366 188 523 617 238 720 409 48 178 29 377 9 723 40 12 680 476 528 314 137 391 732 15 662 737 449 213 133 594 422 659 616 460 14 540 747 402 350 361 352 251 385 442 433 163 552 485 610 525 322 654 431 292 264 154 716 169 95 85 284 114 332 439 306 34 495 60 548 283 142 63 53
IMPOSSIBLE
